[2015-01-06 19:31 UTC] Can't connect to PayPal to validate IPN message: SSL certificate problem: unable to get local issuer certificate
[2015-04-06 10:06 UTC] HTTP request of validation request:POST /cgi-bin/webscr HTTP/1.1
Host: www.sandbox.paypal.com
Accept: */*
Connection: Close
Content-Length: 976
Content-Type: application/x-www-form-urlencoded

 for IPN payload: cmd=_notify-validate&mc_gross=60.00&protection_eligibility=Eligible&address_status=confirmed&payer_id=9VQ93ZZ2H4C68&tax=0.00&address_street=1+Main+St&payment_date=03%3A05%3A46+Apr+06%2C+2015+PDT&payment_status=Completed&charset=windows-1252&address_zip=95131&first_name=Dario&mc_fee=2.04&address_country_code=US&address_name=Dario+T&notify_version=3.8&custom=2%2C6%2Cmonth&payer_status=verified&business=admin%40pippion.com&address_country=United+States&address_city=San+Jose&quantity=6&verify_sign=A3NhZa1otA3b2MDzW3F.XQzsLANfAKdLhBc.pbFoxf43zjOOfxNmZ7f7&payer_email=personal4%40pippion.com&txn_id=9KH65915MD228650G&payment_type=instant&last_name=T&address_state=CA&receiver_email=admin%40pippion.com&payment_fee=2.04&receiver_id=PSGUX5QACH5BY&txn_type=web_accept&item_name=Pippion.com+Subscription&mc_currency=USD&item_number=&residence_country=US&test_ipn=1&handling_amount=0.00&transaction_subject=2%2C6%2Cmonth&payment_gross=60.00&shipping=0.00&ipn_track_id=905d7638b1287
[2015-04-06 10:06 UTC] HTTP response of validation request: HTTP/1.1 200 OK
Date: Mon, 06 Apr 2015 10:06:33 GMT
Server: Apache
X-Frame-Options: SAMEORIGIN
Set-Cookie: c9MWDuvPtT9GIMyPc3jwol1VSlO=Tkwtr8CkmwOh7ri2r-6VMVqejISGYg0g62CDnV9kLon9VBNYSs3qHzcu241Iz_WTBmpRV4a-u2x22RckCOq4wz_9hKmsUACok0dEwi3R-iOBVKJt5CXHp4hJkBPQFXTYRoI9NEB1JiLBN1gJ1Z1XaP_J7V6nZIWawcO2Lk_1cGVagIE1KacpLqjklAL3Od4T4FD3b2bW4VFZqC1zmpSof0Nbwc1SiBhSe1I1s3F8trhWf-K7JlpeYXYF9L8TjyLCOcbadEA9CrGMg5QRAklmds9ONGqUyJkvuUZcoCBrRgVpNROHXGxZYIYXFfDwOWKudibHqLKSXrty__KjDjQt-77KHlk9nL478PGSUfx6IRVNi6843Jb0xkLuRAkut3pZxz73FDiNUm_9p3QvnI6IMc0XobvmhsKtHalAQQh3OktPokNzrp-fpOv-2Vy; domain=.paypal.com; path=/; Secure; HttpOnly
Set-Cookie: cookie_check=yes; expires=Thu, 03-Apr-2025 10:06:33 GMT; domain=.paypal.com; path=/; Secure; HttpOnly
Set-Cookie: navcmd=_notify-validate; domain=.paypal.com; path=/; Secure; HttpOnly
Set-Cookie: navlns=0.0; expires=Wed, 05-Apr-2017 10:06:33 GMT; domain=.paypal.com; path=/; Secure; HttpOnly
Set-Cookie: Apache=10.72.108.11.1428314793049008; path=/; expires=Wed, 29-Mar-45 10:06:33 GMT
Vary: Accept-Encoding,User-Agent
Connection: close
Set-Cookie: X-PP-SILOVER=name%3DSANDBOX3.WEB.1%26silo_version%3D880%26app%3Dappdispatcher%26TIME%3D2841256533; domain=.paypal.com; path=/; Secure; HttpOnly
Set-Cookie: X-PP-SILOVER=; Expires=Thu, 01 Jan 1970 00:00:01 GMT
Set-Cookie: Apache=10.72.128.11.1428314793037895; path=/; expires=Wed, 29-Mar-45 10:06:33 GMT
Strict-Transport-Security: max-age=14400
Transfer-Encoding: chunked
Content-Type: text/html; charset=UTF-8

VERIFIED
[2015-04-06 10:06 UTC] Verified IPN: cmd=_notify-validate&mc_gross=60.00&protection_eligibility=Eligible&address_status=confirmed&payer_id=9VQ93ZZ2H4C68&tax=0.00&address_street=1+Main+St&payment_date=03%3A05%3A46+Apr+06%2C+2015+PDT&payment_status=Completed&charset=windows-1252&address_zip=95131&first_name=Dario&mc_fee=2.04&address_country_code=US&address_name=Dario+T&notify_version=3.8&custom=2%2C6%2Cmonth&payer_status=verified&business=admin%40pippion.com&address_country=United+States&address_city=San+Jose&quantity=6&verify_sign=A3NhZa1otA3b2MDzW3F.XQzsLANfAKdLhBc.pbFoxf43zjOOfxNmZ7f7&payer_email=personal4%40pippion.com&txn_id=9KH65915MD228650G&payment_type=instant&last_name=T&address_state=CA&receiver_email=admin%40pippion.com&payment_fee=2.04&receiver_id=PSGUX5QACH5BY&txn_type=web_accept&item_name=Pippion.com+Subscription&mc_currency=USD&item_number=&residence_country=US&test_ipn=1&handling_amount=0.00&transaction_subject=2%2C6%2Cmonth&payment_gross=60.00&shipping=0.00&ipn_track_id=905d7638b1287 
[2015-05-02 18:34 UTC] HTTP request of validation request:POST /cgi-bin/webscr HTTP/1.1
Host: www.paypal.com
Accept: */*
Connection: Close
Content-Length: 1009
Content-Type: application/x-www-form-urlencoded

 for IPN payload: cmd=_notify-validate&mc_gross=1.00&protection_eligibility=Ineligible&address_status=unconfirmed&payer_id=YCCDL8JEX9AWE&tax=0.00&address_street=J.+J.+Strossmayera+262&payment_date=11%3A34%3A35+May+02%2C+2015+PDT&payment_status=Completed&charset=windows-1252&address_zip=31000&first_name=Domagoj&mc_fee=0.33&address_country_code=HR&address_name=Domagoj+Senkovi%1A&notify_version=3.8&custom=14%2C1%2Cyear&payer_status=verified&business=dario.trbovic%40yahoo.com&address_country=Croatia&address_city=Osijek&quantity=1&verify_sign=A0mglFp64avWHlj3F2DhbaeLNOFGA8obL1rSbRgZEIqidZwtF-BItSKQ&payer_email=domagoj.senkovic%40gmail.com&txn_id=2Y073202425715841&payment_type=instant&last_name=Senkovi%1A&address_state=&receiver_email=dario.trbovic%40yahoo.com&payment_fee=0.33&receiver_id=VVT26N4P7WR52&txn_type=web_accept&item_name=Pippion.com+Subscription&mc_currency=USD&item_number=&residence_country=HR&handling_amount=0.00&transaction_subject=14%2C1%2Cyear&payment_gross=1.00&shipping=0.00&ipn_track_id=adab8e511d2db
[2015-05-02 18:34 UTC] HTTP response of validation request: HTTP/1.1 200 OK
Server: Apache
X-Frame-Options: SAMEORIGIN
Cache-Control: max-age=0, no-cache, no-store, must-revalidate
Pragma: no-cache
Cache-Control: max-age=0, no-cache, no-store, must-revalidate
Pragma: no-cache
Content-Type: text/html; charset=UTF-8
DC: slc-b-origin-www-2.paypal.com
Date: Sat, 02 May 2015 18:34:47 GMT
Content-Length: 8
Connection: close
Set-Cookie: cwrClyrK4LoCV1fydGbAxiNL6iG=U9M37sXQYsiFTRBb2vx5Q0P1seg5cuxmx74txM0DMYcjei0HfZQiMvAoRatUyLgqUAt5hrnT0X4G3RUxbXRsX11uTPjvqGlhcx0L9baQtaY2g2bCHNHCihpPh6H4KRE6uaq2gXVhfRyZIeuC0ibabKArSGk9UyTTJeGYfjEikc0Lz09HcxZGguOsw4L-Nln8zaleix2zx5YeBcPCF2iYSj62u9mRjfmZws2uNG06KjdR3cWlizSWIaplp4QpDfuIo8Qal1ofQo1lXzZuJsdpIJsuqOIsI3ZSVY5OgKhjmTiTJaYcQ9ZsyvYBuX4eeM2oahpweiK_1SR78-Apa2piwLBSxNS3YwSZgWR9RnA2euVRCplJQI97WzE34gZ2rgw1LVnDtQa_JzMtZXHKhhjrUoqQxISz1xRu6bqo42aKBSMyb9bVi4qX4D08UMe; domain=.paypal.com; path=/; Secure; HttpOnly
Set-Cookie: cookie_check=yes; expires=Tue, 29-Apr-2025 18:34:47 GMT; domain=.paypal.com; path=/; Secure; HttpOnly
Set-Cookie: navcmd=_notify-validate; domain=.paypal.com; path=/; Secure; HttpOnly
Set-Cookie: navlns=0.0; expires=Mon, 01-May-2017 18:34:47 GMT; domain=.paypal.com; path=/; Secure; HttpOnly
Set-Cookie: Apache=10.74.8.134.1430591686843140; path=/; expires=Mon, 24-Apr-45 18:34:46 GMT
Set-Cookie: X-PP-SILOVER=name%3DLIVE6.WEB.1%26silo_version%3D880%26app%3Dappdispatcher%26TIME%3D3323479381; domain=.paypal.com; path=/; Secure; HttpOnly
Set-Cookie: X-PP-SILOVER=; Expires=Thu, 01 Jan 1970 00:00:01 GMT
Set-Cookie: Apache=10.74.8.56.1430591686831542; path=/; expires=Mon, 24-Apr-45 18:34:46 GMT
Set-Cookie: AKDC=slc-b-origin-www-2.paypal.com; expires=Sat, 02-May-2015 19:04:47 GMT; path=/; secure
Strict-Transport-Security: max-age=63072000

VERIFIED
[2015-05-02 18:34 UTC] Verified IPN: cmd=_notify-validate&mc_gross=1.00&protection_eligibility=Ineligible&address_status=unconfirmed&payer_id=YCCDL8JEX9AWE&tax=0.00&address_street=J.+J.+Strossmayera+262&payment_date=11%3A34%3A35+May+02%2C+2015+PDT&payment_status=Completed&charset=windows-1252&address_zip=31000&first_name=Domagoj&mc_fee=0.33&address_country_code=HR&address_name=Domagoj+Senkovi%1A&notify_version=3.8&custom=14%2C1%2Cyear&payer_status=verified&business=dario.trbovic%40yahoo.com&address_country=Croatia&address_city=Osijek&quantity=1&verify_sign=A0mglFp64avWHlj3F2DhbaeLNOFGA8obL1rSbRgZEIqidZwtF-BItSKQ&payer_email=domagoj.senkovic%40gmail.com&txn_id=2Y073202425715841&payment_type=instant&last_name=Senkovi%1A&address_state=&receiver_email=dario.trbovic%40yahoo.com&payment_fee=0.33&receiver_id=VVT26N4P7WR52&txn_type=web_accept&item_name=Pippion.com+Subscription&mc_currency=USD&item_number=&residence_country=HR&handling_amount=0.00&transaction_subject=14%2C1%2Cyear&payment_gross=1.00&shipping=0.00&ipn_track_id=adab8e511d2db 
[2015-05-02 18:38 UTC] HTTP request of validation request:POST /cgi-bin/webscr HTTP/1.1
Host: www.paypal.com
Accept: */*
Connection: Close
Content-Length: 973
Content-Type: application/x-www-form-urlencoded

 for IPN payload: cmd=_notify-validate&mc_gross=-1.00&protection_eligibility=Ineligible&payer_id=YCCDL8JEX9AWE&address_street=J.+J.+Strossmayera+262&payment_date=11%3A37%3A56+May+02%2C+2015+PDT&payment_status=Refunded&charset=windows-1252&address_zip=31000&first_name=Domagoj&mc_fee=-0.33&address_country_code=HR&address_name=Domagoj+Senkovi%1A&notify_version=3.8&reason_code=refund&custom=14%2C1%2Cyear&business=dario.trbovic%40yahoo.com&address_country=Croatia&address_city=Osijek&verify_sign=AE8ZuhFUR7Zsh0.vEL9Ies2oeMy1AzorV4Cusj4jyWYQKPF9Z3rhx46t&payer_email=domagoj.senkovic%40gmail.com&parent_txn_id=2Y073202425715841&txn_id=1LW18869ST543921W&payment_type=instant&last_name=Senkovi%1A&address_state=&receiver_email=dario.trbovic%40yahoo.com&payment_fee=-0.33&receiver_id=VVT26N4P7WR52&item_name=Pippion.com+Subscription&mc_currency=USD&item_number=&residence_country=HR&handling_amount=0.00&transaction_subject=14%2C1%2Cyear&payment_gross=-1.00&shipping=0.00&ipn_track_id=bed0c77bd842
[2015-05-02 18:38 UTC] HTTP response of validation request: HTTP/1.1 200 OK
Server: Apache
X-Frame-Options: SAMEORIGIN
Cache-Control: max-age=0, no-cache, no-store, must-revalidate
Pragma: no-cache
Content-Type: text/html; charset=UTF-8
DC: slc-origin-www.paypal.com
Date: Sat, 02 May 2015 18:38:04 GMT
Content-Length: 8
Connection: close
Set-Cookie: cwrClyrK4LoCV1fydGbAxiNL6iG=C3jLnHUaKW_qFpXzojWFOUxq1TkrvwNzfOvVbCF_csNw3LlSzdORTeEPCqrEx0SMlpCQCCt4W0S_CoAZkkxpVPbT7_z4oEJLXQJ-2lLAkJ1kHeWWlJ7DTE9sSaobjNxwwkjKeYIV_A--cJX7XpXZrey7NXBGzPJ9yS4kteJFjkD9lW75TTdHTBwPrrO0SZ6PwZMZrc6E-is54w79Iffa5PwUzODHZNkcFbkbFOWZyyn7xITg0hzWQ6DCMO7KwLeopSukkndHYfX5s3zjMcJ0T7ZU9uBsQfsn6z0n8hVOqEwd-c5200gichiZOfCUJJAH1l5bqkhpi7P-uPqTCVGYLGXEFdWeFhYSamsUyVvGe8o-CHMTEPjm5AYWoBcF_ktaejXt0dWjpASs0kAxhXjI0GMk5ksf5VqP7GDqWKzZQaXXXh6_BngFqr5LS6m; domain=.paypal.com; path=/; Secure; HttpOnly
Set-Cookie: cookie_check=yes; expires=Tue, 29-Apr-2025 18:38:03 GMT; domain=.paypal.com; path=/; Secure; HttpOnly
Set-Cookie: navcmd=_notify-validate; domain=.paypal.com; path=/; Secure; HttpOnly
Set-Cookie: navlns=0.0; expires=Mon, 01-May-2017 18:38:03 GMT; domain=.paypal.com; path=/; Secure; HttpOnly
Set-Cookie: Apache=10.16.0.148.1430591883469648; path=/; expires=Mon, 24-Apr-45 18:38:03 GMT
Set-Cookie: X-PP-SILOVER=name%3DLIVE9.WEB.1%26silo_version%3D880%26app%3Dappdispatcher%26TIME%3D2333689173; domain=.paypal.com; path=/; Secure; HttpOnly
Set-Cookie: X-PP-SILOVER=; Expires=Thu, 01 Jan 1970 00:00:01 GMT
Set-Cookie: Apache=10.16.0.11.1430591883462669; path=/; expires=Mon, 24-Apr-45 18:38:03 GMT
Set-Cookie: AKDC=slc-origin-www.paypal.com; expires=Sat, 02-May-2015 19:08:04 GMT; path=/; secure
Strict-Transport-Security: max-age=63072000

VERIFIED
[2015-05-02 18:38 UTC] Verified IPN: cmd=_notify-validate&mc_gross=-1.00&protection_eligibility=Ineligible&payer_id=YCCDL8JEX9AWE&address_street=J.+J.+Strossmayera+262&payment_date=11%3A37%3A56+May+02%2C+2015+PDT&payment_status=Refunded&charset=windows-1252&address_zip=31000&first_name=Domagoj&mc_fee=-0.33&address_country_code=HR&address_name=Domagoj+Senkovi%1A&notify_version=3.8&reason_code=refund&custom=14%2C1%2Cyear&business=dario.trbovic%40yahoo.com&address_country=Croatia&address_city=Osijek&verify_sign=AE8ZuhFUR7Zsh0.vEL9Ies2oeMy1AzorV4Cusj4jyWYQKPF9Z3rhx46t&payer_email=domagoj.senkovic%40gmail.com&parent_txn_id=2Y073202425715841&txn_id=1LW18869ST543921W&payment_type=instant&last_name=Senkovi%1A&address_state=&receiver_email=dario.trbovic%40yahoo.com&payment_fee=-0.33&receiver_id=VVT26N4P7WR52&item_name=Pippion.com+Subscription&mc_currency=USD&item_number=&residence_country=HR&handling_amount=0.00&transaction_subject=14%2C1%2Cyear&payment_gross=-1.00&shipping=0.00&ipn_track_id=bed0c77bd842 
[2015-06-30 20:14 UTC] HTTP request of validation request:POST /cgi-bin/webscr HTTP/1.1
Host: www.paypal.com
Accept: */*
Connection: Close
Content-Length: 20
Content-Type: application/x-www-form-urlencoded

 for IPN payload: cmd=_notify-validate
[2015-06-30 20:14 UTC] HTTP response of validation request: HTTP/1.1 200 OK
Server: Apache
X-Frame-Options: SAMEORIGIN
Cache-Control: max-age=0, no-cache, no-store, must-revalidate
Pragma: no-cache
Paypal-Debug-Id: d07dc20b4bd5b
Cache-Control: max-age=0, no-cache, no-store, must-revalidate
Pragma: no-cache
Content-Type: text/html; charset=UTF-8
DC: slc-a-origin-www-2.paypal.com
Date: Tue, 30 Jun 2015 20:14:02 GMT
Content-Length: 7
Connection: close
Set-Cookie: cwrClyrK4LoCV1fydGbAxiNL6iG=Q4TZL1TS3HWnIPqFWnuL-TCBKPd4qBwtNADqjBbfAzxvKv4b1vRrvi5hMSSRC_YJevKrjc8UEgHh9A2q2Udj22omPyqPN6iyhquzPU9YP-mAIMqkvT5W7STfgl-6ONmUtdZXrtAjqJCQJiBj6xWpiL6b37RR8U2rXVSQnbCrmfm-X9Q5HSauW5DdGbKASVdqr_WwPru-0NbJ5-SfNRwTCA_QkIfAhSRMvcfxolcQ32zAOMV1HNVMWzJ5j8739hCalYoOwEKVM1onfhZl44dtFT56Oj-6NyV3z8sD3oW5Q1Qrg552CmTjRGxjfSJsR7VUXjfR71hyRmLhO61Gxlb3fq_eu5fGJPMh4CJwddNaTkEYEkp3deQGcaDzBEAuR_npA4VsYBMryLQTMaIS4R0lXs6yyZcTZsTEYMvZf1Udruce8lhW0ANZD30KrXe; domain=.paypal.com; path=/; Secure; HttpOnly
Set-Cookie: cookie_check=yes; expires=Fri, 27-Jun-2025 20:14:03 GMT; domain=.paypal.com; path=/; Secure; HttpOnly
Set-Cookie: navcmd=_notify-validate; domain=.paypal.com; path=/; Secure; HttpOnly
Set-Cookie: navlns=0.0; expires=Thu, 29-Jun-2017 20:14:03 GMT; domain=.paypal.com; path=/; Secure; HttpOnly
Set-Cookie: Apache=10.73.8.137.1435695243321227; path=/; expires=Thu, 22-Jun-45 20:14:03 GMT
Set-Cookie: X-PP-SILOVER=name%3DLIVE5.WEB.1%26silo_version%3D880%26app%3Dappdispatcher%26TIME%3D2348323413; domain=.paypal.com; path=/; Secure; HttpOnly
Set-Cookie: X-PP-SILOVER=; Expires=Thu, 01 Jan 1970 00:00:01 GMT
Set-Cookie: Apache=10.73.8.63.1435695243310408; path=/; expires=Thu, 22-Jun-45 20:14:03 GMT
Set-Cookie: AKDC=slc-a-origin-www-2.paypal.com; expires=Tue, 30-Jun-2015 20:44:02 GMT; path=/; secure
Strict-Transport-Security: max-age=63072000

INVALID
[2015-08-29 07:58 UTC] HTTP request of validation request:POST /cgi-bin/webscr HTTP/1.1
Host: www.paypal.com
Accept: */*
Connection: Close
Content-Length: 643
Content-Type: application/x-www-form-urlencoded

 for IPN payload: cmd=_notify-validate&transaction_subject=&txn_type=send_money&payment_date=00%3A58%3A22+Aug+29%2C+2015+PDT&last_name=Einhorn&residence_country=US&payment_gross=400.00&mc_currency=USD&business=dario.trbovic%40yahoo.com&payment_type=instant&protection_eligibility=Ineligible&verify_sign=A8ieN7XQ7h59jfDJQMbQ1EwWweqCAy86BCX75ZZY1bVs.kUfmKKTkzAH&payer_status=verified&payer_email=dom.einhorn%40gmail.com&txn_id=5AU48881AR649693H&receiver_email=dario.trbovic%40yahoo.com&first_name=Dominique&payer_id=LANNLEBEYMFBU&receiver_id=VVT26N4P7WR52&payment_status=Completed&mc_gross=400.00&charset=windows-1252&notify_version=3.8&ipn_track_id=5c7bc62059473
[2015-08-29 07:58 UTC] HTTP response of validation request: HTTP/1.1 200 OK
Server: Apache
X-Frame-Options: SAMEORIGIN
Paypal-Debug-Id: 3a505f04991d3
Cache-Control: max-age=0, no-cache, no-store, must-revalidate
Pragma: no-cache
Content-Type: text/html; charset=UTF-8
DC: slc-origin-www.paypal.com
Date: Sat, 29 Aug 2015 07:58:37 GMT
Content-Length: 8
Connection: close
Set-Cookie: cwrClyrK4LoCV1fydGbAxiNL6iG=fbyCM8rm8sBkRRc-zbtyyToQrGzC5SOBxrWVQbVUg0sx-6cF284E8JuA6oRO_gc-Ki2GhigP0dkro_O5ai2RFO_RshASDNvh5HCP0iEwBXgdUVbRLXNLEsFOilmnOvVgNXAcFnf8D_U3_eCnUWeFS8ni0iBTOiPv2YWLIwDQVhPAcF_VKdqpRRDwCIICUSOFi0WuQusqqHP9oa_Yl0dK4QvRw9E4hE1YjDioUW4ipSO-W6MN0oZRD_u4KW2SmN1AOzs-gmXIiIDgMrg3Xil6NYf7tbFaOj6PFkqznxqd6j_djuJ1foI1rHjB0lapbKhfR_CLZxVzkMWxkXGyE0V0kVlaTjIKirbYJfBz6R3rkvGs8fZmG_YVVC1wW7bjrixzft6V0NRivmIo3pm2JzkLG3U_6zNMwcBRZ-XUJfVumF1b_qoLlFSYBvMIwBW; domain=.paypal.com; path=/; Secure; HttpOnly
Set-Cookie: cookie_check=yes; expires=Tue, 26-Aug-2025 07:58:36 GMT; domain=.paypal.com; path=/; Secure; HttpOnly
Set-Cookie: navcmd=_notify-validate; domain=.paypal.com; path=/; Secure; HttpOnly
Set-Cookie: navlns=0.0; expires=Mon, 28-Aug-2017 07:58:36 GMT; domain=.paypal.com; path=/; Secure; HttpOnly
Set-Cookie: Apache=10.16.0.148.1440835116633622; path=/; expires=Mon, 21-Aug-45 07:58:36 GMT
Set-Cookie: X-PP-SILOVER=name%3DLIVE9.WEB.1%26silo_version%3D880%26app%3Dappdispatcher%26TIME%3D744939861; domain=.paypal.com; path=/; Secure; HttpOnly
Set-Cookie: X-PP-SILOVER=; Expires=Thu, 01 Jan 1970 00:00:01 GMT
Set-Cookie: Apache=10.16.0.220.1440835116626989; path=/; expires=Mon, 21-Aug-45 07:58:36 GMT
Set-Cookie: AKDC=slc-origin-www.paypal.com; expires=Sat, 29-Aug-2015 08:28:37 GMT; path=/; secure
Strict-Transport-Security: max-age=63072000

VERIFIED
[2015-08-29 07:58 UTC] Verified IPN: cmd=_notify-validate&transaction_subject=&txn_type=send_money&payment_date=00%3A58%3A22+Aug+29%2C+2015+PDT&last_name=Einhorn&residence_country=US&payment_gross=400.00&mc_currency=USD&business=dario.trbovic%40yahoo.com&payment_type=instant&protection_eligibility=Ineligible&verify_sign=A8ieN7XQ7h59jfDJQMbQ1EwWweqCAy86BCX75ZZY1bVs.kUfmKKTkzAH&payer_status=verified&payer_email=dom.einhorn%40gmail.com&txn_id=5AU48881AR649693H&receiver_email=dario.trbovic%40yahoo.com&first_name=Dominique&payer_id=LANNLEBEYMFBU&receiver_id=VVT26N4P7WR52&payment_status=Completed&mc_gross=400.00&charset=windows-1252&notify_version=3.8&ipn_track_id=5c7bc62059473 
[2016-01-30 19:39 UTC] HTTP request of validation request:POST /cgi-bin/webscr HTTP/1.1
Host: www.paypal.com
Accept: */*
Connection: Close
Content-Length: 643
Content-Type: application/x-www-form-urlencoded

 for IPN payload: cmd=_notify-validate&transaction_subject=&txn_type=send_money&payment_date=11%3A38%3A59+Jan+30%2C+2016+PST&last_name=Einhorn&residence_country=US&payment_gross=970.00&mc_currency=USD&business=dario.trbovic%40yahoo.com&payment_type=instant&protection_eligibility=Ineligible&verify_sign=AO02L9OKWSeW8htJ7xNZwRSCRo-EAGChePqdt2aF13X-D8-4eQQj4ClT&payer_status=verified&payer_email=dom.einhorn%40gmail.com&txn_id=1JP298865F874912E&receiver_email=dario.trbovic%40yahoo.com&first_name=Dominique&payer_id=LANNLEBEYMFBU&receiver_id=VVT26N4P7WR52&payment_status=Completed&mc_gross=970.00&charset=windows-1252&notify_version=3.8&ipn_track_id=8c40d1688ebef
[2016-01-30 19:39 UTC] HTTP response of validation request: HTTP/1.1 200 OK
Server: Apache
X-Frame-Options: SAMEORIGIN
Cache-Control: max-age=0, no-cache, no-store, must-revalidate
Pragma: no-cache
Paypal-Debug-Id: fa1598629ac6c
Cache-Control: max-age=0, no-cache, no-store, must-revalidate
Pragma: no-cache
Content-Type: text/html; charset=UTF-8
DC: slc-b-origin-www-1.paypal.com
Date: Sat, 30 Jan 2016 19:39:13 GMT
Content-Length: 8
Connection: close
Set-Cookie: cwrClyrK4LoCV1fydGbAxiNL6iG=p5sJLW7dT7Y2O36A8eM3BCOv7bzoSo_P0WgTrKh1uWnr0OS4JTJyoC1nSLq0jpk3VhniCv2lTG_krqUeC4-Ez_FyFbIzkMkEHdmLdRB0mquiG6vRDd3xdLndUT0IHmhMfzytRVuMo4mp5M4FA9zN8jBzFZnMXivth1VOlMdNkwOwIOo9vnse9kO4OhiZYjixaInigtfMZUco73W4hhl3K-axwpFyqQaE_4JT8sw787bbUyJU1DtjZFqFQy5JAjrEd_ap5PgqpnnHcvRVQYzzUAzvyXzDVR36AvN0eC3RIHdUmhdLUJ9Hg4XJJlEaTia-X_klVZ7FTcfKl_glPt0El1lmE355qtNVN6RBAckqWAndNN62EceM8k9LJlxm4hfwJ0Jcxq5JwQRJzDNE_R5QLfEmTtqdP_C7mwN5vv_L9MVSY2S-fGKVW3l7MD8; domain=.paypal.com; path=/; Secure; HttpOnly
Set-Cookie: cookie_check=yes; expires=Tue, 27-Jan-2026 19:39:13 GMT; domain=.paypal.com; path=/; Secure; HttpOnly
Set-Cookie: navcmd=_notify-validate; domain=.paypal.com; path=/; Secure; HttpOnly
Set-Cookie: navlns=0.0; expires=Mon, 29-Jan-2018 19:39:13 GMT; domain=.paypal.com; path=/; Secure; HttpOnly
Set-Cookie: X-PP-SILOVER=name%3DLIVE6.WEB.1%26silo_version%3D880%26app%3Dappdispatcher%26TIME%3D1611771222; domain=.paypal.com; path=/; Secure; HttpOnly
Set-Cookie: X-PP-SILOVER=; Expires=Thu, 01 Jan 1970 00:00:01 GMT
Set-Cookie: AKDC=slc-b-origin-www-1.paypal.com; expires=Sat, 30-Jan-2016 20:09:13 GMT; path=/; secure
Strict-Transport-Security: max-age=63072000

VERIFIED
[2016-01-30 19:39 UTC] Verified IPN: cmd=_notify-validate&transaction_subject=&txn_type=send_money&payment_date=11%3A38%3A59+Jan+30%2C+2016+PST&last_name=Einhorn&residence_country=US&payment_gross=970.00&mc_currency=USD&business=dario.trbovic%40yahoo.com&payment_type=instant&protection_eligibility=Ineligible&verify_sign=AO02L9OKWSeW8htJ7xNZwRSCRo-EAGChePqdt2aF13X-D8-4eQQj4ClT&payer_status=verified&payer_email=dom.einhorn%40gmail.com&txn_id=1JP298865F874912E&receiver_email=dario.trbovic%40yahoo.com&first_name=Dominique&payer_id=LANNLEBEYMFBU&receiver_id=VVT26N4P7WR52&payment_status=Completed&mc_gross=970.00&charset=windows-1252&notify_version=3.8&ipn_track_id=8c40d1688ebef 
[2016-02-08 15:08 UTC] HTTP request of validation request:POST /cgi-bin/webscr HTTP/1.1
Host: www.paypal.com
Accept: */*
Connection: Close
Content-Length: 664
Content-Type: application/x-www-form-urlencoded

 for IPN payload: cmd=_notify-validate&transaction_subject=&txn_type=send_money&payment_date=07%3A08%3A22+Feb+08%2C+2016+PST&last_name=Trbovi%1A&residence_country=HR&payment_gross=2.62&mc_currency=USD&business=dario.trbovic%40yahoo.com&payment_type=instant&protection_eligibility=Ineligible&verify_sign=A6LBNcC5RdTyP5bGyFA1y8MT39Y0AEvIS1C3ibYP8RJ-Aue855DwJPgT&payer_status=verified&payer_email=payments%40pippion.com&txn_id=12W71105C1326353D&receiver_email=dario.trbovic%40yahoo.com&first_name=Dario&payer_id=GZRY99KRP22L2&receiver_id=VVT26N4P7WR52&payer_business_name=Pippion&payment_status=Completed&mc_gross=2.62&charset=windows-1252&notify_version=3.8&ipn_track_id=335d33f458393
[2016-02-08 15:08 UTC] HTTP response of validation request: HTTP/1.1 200 OK
Server: Apache
X-Frame-Options: SAMEORIGIN
Paypal-Debug-Id: 82d4e24139c05
Cache-Control: max-age=0, no-cache, no-store, must-revalidate
Pragma: no-cache
Content-Type: text/html; charset=UTF-8
DC: dcg11-origin-www-2.paypal.com
Date: Mon, 08 Feb 2016 15:08:44 GMT
Content-Length: 8
Connection: close
Set-Cookie: cwrClyrK4LoCV1fydGbAxiNL6iG=4EaBWx9NUzdLB9llw_rGOe78OigFLNFp2Fh6G6bh5gMVd_6OSfbjvynHgPDQcRZt-m6lfpyw__99Yv1exb_jpF5X3-yDIK1LtLgKvsuOGYTWNPl8952W0blD8eb6rYe2af4YLO1f3w2jqcY8ZbYIH4jigXfhtPlsTxZD9k2LCcSwb41gGxX3saqzfx7-68_aQ2DN13Nx-TYRziLuRlNwBJimDBZSP8J5FtaSksJBw1XzMuzRbss3TB1XAN1hcf1olWC5IhBggc2x1P8ws9K4Do8LCc4LV4cTM3HETWBob3TiWMSUrTeBe-GBx_uxm6ZuwtxH0AAXcD-vr9yKV2GTrz6YN0OuDRhFTrpR9V5sV78yZ1GyFyzJC3ulZSO126VUeKqLTZxg90lQRu_I5obB828TMlG1OQ_AzIZM1PHNFKuRanHemQ2mtMf1CuK; domain=.paypal.com; path=/; Secure; HttpOnly
Set-Cookie: cookie_check=yes; expires=Thu, 05-Feb-2026 15:08:44 GMT; domain=.paypal.com; path=/; Secure; HttpOnly
Set-Cookie: navcmd=_notify-validate; domain=.paypal.com; path=/; Secure; HttpOnly
Set-Cookie: navlns=0.0; expires=Wed, 07-Feb-2018 15:08:44 GMT; domain=.paypal.com; path=/; Secure; HttpOnly
Set-Cookie: X-PP-SILOVER=name%3DLIVE9.WEB.1%26silo_version%3D880%26app%3Dappdispatcher%26TIME%3D2091890774; domain=.paypal.com; path=/; Secure; HttpOnly
Set-Cookie: X-PP-SILOVER=; Expires=Thu, 01 Jan 1970 00:00:01 GMT
Set-Cookie: AKDC=dcg11-origin-www-2.paypal.com; expires=Mon, 08-Feb-2016 15:38:44 GMT; path=/; secure
Strict-Transport-Security: max-age=63072000

VERIFIED
[2016-02-08 15:08 UTC] Verified IPN: cmd=_notify-validate&transaction_subject=&txn_type=send_money&payment_date=07%3A08%3A22+Feb+08%2C+2016+PST&last_name=Trbovi%1A&residence_country=HR&payment_gross=2.62&mc_currency=USD&business=dario.trbovic%40yahoo.com&payment_type=instant&protection_eligibility=Ineligible&verify_sign=A6LBNcC5RdTyP5bGyFA1y8MT39Y0AEvIS1C3ibYP8RJ-Aue855DwJPgT&payer_status=verified&payer_email=payments%40pippion.com&txn_id=12W71105C1326353D&receiver_email=dario.trbovic%40yahoo.com&first_name=Dario&payer_id=GZRY99KRP22L2&receiver_id=VVT26N4P7WR52&payer_business_name=Pippion&payment_status=Completed&mc_gross=2.62&charset=windows-1252&notify_version=3.8&ipn_track_id=335d33f458393 
[2016-02-22 20:32 UTC] HTTP request of validation request:POST /cgi-bin/webscr HTTP/1.1
Host: www.paypal.com
Accept: */*
Connection: Close
Content-Length: 644
Content-Type: application/x-www-form-urlencoded

 for IPN payload: cmd=_notify-validate&transaction_subject=&txn_type=send_money&payment_date=12%3A32%3A19+Feb+22%2C+2016+PST&last_name=Atanackovi%1A&residence_country=HR&payment_gross=3.00&mc_currency=USD&business=dario.trbovic%40yahoo.com&payment_type=instant&protection_eligibility=Ineligible&verify_sign=Ap0TlumVsEjiMiLKsZewhZcZAKzCAoROsm2HmBAYOBJBEZQvVTssu-bj&payer_status=unverified&payer_email=aatanac%40gmail.com&txn_id=52A58629N4298871K&receiver_email=dario.trbovic%40yahoo.com&first_name=Aleksandar&payer_id=CHDD34LQQF26U&receiver_id=VVT26N4P7WR52&payment_status=Completed&mc_gross=3.00&charset=windows-1252&notify_version=3.8&ipn_track_id=59247cc4cdf14
[2016-02-22 20:32 UTC] HTTP response of validation request: HTTP/1.1 200 OK
Server: Apache
X-Frame-Options: SAMEORIGIN
Paypal-Debug-Id: 107580e392857
Cache-Control: max-age=0, no-cache, no-store, must-revalidate
Pragma: no-cache
Content-Type: text/html; charset=UTF-8
DC: dcg12-origin-www-2.paypal.com
Date: Mon, 22 Feb 2016 20:32:34 GMT
Content-Length: 8
Connection: close
Set-Cookie: cwrClyrK4LoCV1fydGbAxiNL6iG=yaTB3HZBtpIb4PgpHthiTgGe2uFjURSwAsDxS7KdIK6pv3BmXzh3cKV_Ss1yBSzMb2L1NKH6w9bQxTeVrTitVPdL_ezLq3hk88qPOHDZJ9dSNVYmqvlWwsPE3ZiGj1aZ4D6QX9xC4yrF32SCDpwnPKn5bVFaRDz0YylQ2DMQXBwMXBjW9MoMGe6uEnMf2tTk75qa7fCdNfFE3daahD3xfjWY4SQU8vvKuNtk1lRWMH1Bs04Vh9vvGd2UFvZWLy6n1yk9cfAIp3R9E8hOlCSe81JoUd5Ou9ERK02PRcCSHOYqzv9S7qCwPlIieRQknlF6uK8-c6b8aKosuMji6By0cIlJbsRuy4XX79Tih58SwB4M5_Ops1AQo8_VFWPsV2VuIPxOjMISOi9-FtIDmgoC_61Z45Mh__FMX53Vi-9o4kFg1pJisC0cYveCrue; domain=.paypal.com; path=/; Secure; HttpOnly
Set-Cookie: cookie_check=yes; expires=Thu, 19-Feb-2026 20:32:33 GMT; domain=.paypal.com; path=/; Secure; HttpOnly
Set-Cookie: navcmd=_notify-validate; domain=.paypal.com; path=/; Secure; HttpOnly
Set-Cookie: navlns=0.0; expires=Wed, 21-Feb-2018 20:32:33 GMT; domain=.paypal.com; path=/; Secure; HttpOnly
Set-Cookie: X-PP-SILOVER=name%3DLIVE11.WEB.1%26silo_version%3D880%26app%3Dappdispatcher%26TIME%3D1634782038; domain=.paypal.com; path=/; Secure; HttpOnly
Set-Cookie: X-PP-SILOVER=; Expires=Thu, 01 Jan 1970 00:00:01 GMT
Set-Cookie: AKDC=dcg12-origin-www-2.paypal.com; expires=Mon, 22-Feb-2016 21:02:34 GMT; path=/; secure
Strict-Transport-Security: max-age=63072000

VERIFIED
[2016-02-22 20:32 UTC] Verified IPN: cmd=_notify-validate&transaction_subject=&txn_type=send_money&payment_date=12%3A32%3A19+Feb+22%2C+2016+PST&last_name=Atanackovi%1A&residence_country=HR&payment_gross=3.00&mc_currency=USD&business=dario.trbovic%40yahoo.com&payment_type=instant&protection_eligibility=Ineligible&verify_sign=Ap0TlumVsEjiMiLKsZewhZcZAKzCAoROsm2HmBAYOBJBEZQvVTssu-bj&payer_status=unverified&payer_email=aatanac%40gmail.com&txn_id=52A58629N4298871K&receiver_email=dario.trbovic%40yahoo.com&first_name=Aleksandar&payer_id=CHDD34LQQF26U&receiver_id=VVT26N4P7WR52&payment_status=Completed&mc_gross=3.00&charset=windows-1252&notify_version=3.8&ipn_track_id=59247cc4cdf14 
[2016-07-18 07:00 UTC] HTTP request of validation request:POST /cgi-bin/webscr HTTP/1.1
Host: www.paypal.com
Accept: */*
Connection: Close
Content-Length: 663
Content-Type: application/x-www-form-urlencoded

 for IPN payload: cmd=_notify-validate&transaction_subject=&txn_type=send_money&payment_date=00%3A00%3A35+Jul+18%2C+2016+PDT&last_name=Romanik&residence_country=AU&pending_reason=multi_currency&payment_gross=&mc_currency=AUD&business=dario.trbovic%40yahoo.com&payment_type=instant&protection_eligibility=Ineligible&verify_sign=AhBpGP1a26BqO2bPn7ApItATmBuXAOmO1.g-WBhMBvreHWs2FNHunFPE&payer_status=verified&payer_email=lillyrom65%40live.com.au&txn_id=5H916695AA458380E&receiver_email=dario.trbovic%40yahoo.com&first_name=Lilyana&payer_id=MQSRLJK76C2DQ&receiver_id=VVT26N4P7WR52&payment_status=Pending&mc_gross=250.00&charset=windows-1252&notify_version=3.8&ipn_track_id=ca817144851f
[2016-07-18 07:00 UTC] HTTP response of validation request: HTTP/1.1 200 OK
Server: Apache
X-Frame-Options: SAMEORIGIN
HTTP_X_PP_AZ_LOCATOR: dcg12.slc
Paypal-Debug-Id: bc20841ecf5d1
Cache-Control: max-age=0, no-cache, no-store, must-revalidate
Pragma: no-cache
Content-Type: text/html; charset=UTF-8
DC: phx-origin-www-2.paypal.com
Date: Mon, 18 Jul 2016 07:00:47 GMT
Content-Length: 8
Connection: close
Set-Cookie: cwrClyrK4LoCV1fydGbAxiNL6iG=EOKJivICFrvkYd4lDIWKMkr2QJ9CuiM5eXaE6JJ9dIvHyhAgIWMTUni_Wn_ZUD0ONw8ZM0HEKxmuCJIAJEDpGs8oLbYww9B_veslQg7Ird1K2pAEZEGiasV_9O-W5QqHX9___d54xfoMhZ-Q-1pSDMj8bjyoO6puNTrXQ2_ICo35Xx6aYs7BG9uORIS-eHgkhvp7otVWigUAq4saIh6rKLao6_6mUJE4g-KXr3kk1mMSxhWpL9-BP9WmR_WFFl8xIrpyWEr3ez5d7RfPFquWGSqQM9UbgQHwjaU84YvGltvbecNwWUStbpdBvwe2XzOqXRnjn-F67zX6Y-PKbTOZ55Q7tMO0q75_4JLinlaljfiMJE2rnjTpONyUOJ-LnlTYeD0875dsN6wlyi7YmfqVgRCrj6WoBs7v3lPz3MOk82Ur2ewxMDhZNxdvdqC; domain=.paypal.com; path=/; Secure; HttpOnly
Set-Cookie: cookie_check=yes; expires=Thu, 16-Jul-2026 07:00:47 GMT; domain=.paypal.com; path=/; Secure; HttpOnly
Set-Cookie: navcmd=_notify-validate; domain=.paypal.com; path=/; Secure; HttpOnly
Set-Cookie: navlns=0.0; expires=Wed, 18-Jul-2018 07:00:47 GMT; domain=.paypal.com; path=/; Secure; HttpOnly
Set-Cookie: X-PP-SILOVER=name%3DLIVE3.WEB.1%26silo_version%3D880%26app%3Dappdispatcher%26TIME%3D2659093591%26HTTP_X_PP_AZ_LOCATOR%3Ddcg12.slc; Expires=Mon, 18 Jul 2016 07:30:47 GMT; domain=.paypal.com; path=/; Secure; HttpOnly
Set-Cookie: X-PP-SILOVER=; Expires=Thu, 01 Jan 1970 00:00:01 GMT
Set-Cookie: Apache=10.190.9.186.1468825246849139; path=/; expires=Wed, 11-Jul-46 07:00:46 GMT
Set-Cookie: AKDC=phx-origin-www-2.paypal.com; expires=Mon, 18-Jul-2016 07:30:47 GMT; path=/; secure
Strict-Transport-Security: max-age=63072000

VERIFIED
[2016-07-18 07:00 UTC] Verified IPN: cmd=_notify-validate&transaction_subject=&txn_type=send_money&payment_date=00%3A00%3A35+Jul+18%2C+2016+PDT&last_name=Romanik&residence_country=AU&pending_reason=multi_currency&payment_gross=&mc_currency=AUD&business=dario.trbovic%40yahoo.com&payment_type=instant&protection_eligibility=Ineligible&verify_sign=AhBpGP1a26BqO2bPn7ApItATmBuXAOmO1.g-WBhMBvreHWs2FNHunFPE&payer_status=verified&payer_email=lillyrom65%40live.com.au&txn_id=5H916695AA458380E&receiver_email=dario.trbovic%40yahoo.com&first_name=Lilyana&payer_id=MQSRLJK76C2DQ&receiver_id=VVT26N4P7WR52&payment_status=Pending&mc_gross=250.00&charset=windows-1252&notify_version=3.8&ipn_track_id=ca817144851f 
[2016-07-18 07:07 UTC] HTTP request of validation request:POST /cgi-bin/webscr HTTP/1.1
Host: www.paypal.com
Accept: */*
Connection: Close
Content-Length: 600
Content-Type: application/x-www-form-urlencoded

 for IPN payload: cmd=_notify-validate&transaction_subject=&txn_type=send_money&payment_date=00%3A00%3A35+Jul+18%2C+2016+PDT&last_name=Romanik&residence_country=AU&payment_gross=&mc_currency=AUD&payment_type=instant&protection_eligibility=Ineligible&verify_sign=AQa28rZBKlXR1gUv4CftO6Evh846AbP.hcSZUm3vsSe0U-PDwPMdymCW&payer_status=verified&payer_email=lillyrom65%40live.com.au&txn_id=5H916695AA458380E&receiver_email=dario.trbovic%40yahoo.com&first_name=Lilyana&payer_id=MQSRLJK76C2DQ&receiver_id=VVT26N4P7WR52&payment_status=Completed&mc_gross=250.00&charset=windows-1252&notify_version=3.8&ipn_track_id=82afd8cb85a5
[2016-07-18 07:07 UTC] HTTP response of validation request: HTTP/1.1 200 OK
Server: Apache
X-Frame-Options: SAMEORIGIN
Cache-Control: max-age=0, no-cache, no-store, must-revalidate
Pragma: no-cache
HTTP_X_PP_AZ_LOCATOR: slcb.slc
Paypal-Debug-Id: b38a3616698f
Cache-Control: max-age=0, no-cache, no-store, must-revalidate
Pragma: no-cache
Content-Type: text/html; charset=UTF-8
DC: phx-origin-www-2.paypal.com
Date: Mon, 18 Jul 2016 07:07:08 GMT
Content-Length: 8
Connection: close
Set-Cookie: cwrClyrK4LoCV1fydGbAxiNL6iG=wuUqWNzpSV__l10uNXHfuz3bVoFL2aJ7VD2Ut28j7bTyOcZKalJ7RqwAziICJjpvbDADmxFKlme5Hvv0g7j-x5UeKBFWGdgVwBjxcOlR35WiheY2uo7bdBFO2N_wzHrShEVN5d5UsQeZ50MKFnfrIw5_Oe2GmYIRhvFpzoRY6okGzv6pYDTYHqJT09RszA3jkdp6B4RoivNrTXjHXWbNamny8Wua5MOwC3mq4Sc_r0PP0sq19VwjTwicIHU1aan9Eti6OjCu1ZiIwu327rCHTQGnHGnsf2ZX46cwTsz1_j_3DitJHNU3YFPBDM4Ns8nKDtz-YxBFATbyNA4Uq5B6S-vzYcBDl_6g1ilykAfTulNkAetn3adtdMhsYddZEOWgqhgS7H35qAYmkaZZt2UxI4ldfiKMvCd-qIfYw4gT9ruj7sbaoFLy8Tzu_ai; domain=.paypal.com; path=/; Secure; HttpOnly
Set-Cookie: cookie_check=yes; expires=Thu, 16-Jul-2026 07:07:07 GMT; domain=.paypal.com; path=/; Secure; HttpOnly
Set-Cookie: navcmd=_notify-validate; domain=.paypal.com; path=/; Secure; HttpOnly
Set-Cookie: navlns=0.0; expires=Wed, 18-Jul-2018 07:07:07 GMT; domain=.paypal.com; path=/; Secure; HttpOnly
Set-Cookie: X-PP-SILOVER=name%3DLIVE3.WEB.1%26silo_version%3D880%26app%3Dappdispatcher%26TIME%3D461409367%26HTTP_X_PP_AZ_LOCATOR%3Dslcb.slc; Expires=Mon, 18 Jul 2016 07:37:07 GMT; domain=.paypal.com; path=/; Secure; HttpOnly
Set-Cookie: X-PP-SILOVER=; Expires=Thu, 01 Jan 1970 00:00:01 GMT
Set-Cookie: Apache=10.190.9.182.1468825627419868; path=/; expires=Wed, 11-Jul-46 07:07:07 GMT
Set-Cookie: AKDC=phx-origin-www-2.paypal.com; expires=Mon, 18-Jul-2016 07:37:08 GMT; path=/; secure
Strict-Transport-Security: max-age=63072000

VERIFIED
[2016-07-18 07:07 UTC] Verified IPN: cmd=_notify-validate&transaction_subject=&txn_type=send_money&payment_date=00%3A00%3A35+Jul+18%2C+2016+PDT&last_name=Romanik&residence_country=AU&payment_gross=&mc_currency=AUD&payment_type=instant&protection_eligibility=Ineligible&verify_sign=AQa28rZBKlXR1gUv4CftO6Evh846AbP.hcSZUm3vsSe0U-PDwPMdymCW&payer_status=verified&payer_email=lillyrom65%40live.com.au&txn_id=5H916695AA458380E&receiver_email=dario.trbovic%40yahoo.com&first_name=Lilyana&payer_id=MQSRLJK76C2DQ&receiver_id=VVT26N4P7WR52&payment_status=Completed&mc_gross=250.00&charset=windows-1252&notify_version=3.8&ipn_track_id=82afd8cb85a5 
[2016-07-29 20:51 UTC] HTTP request of validation request:POST /cgi-bin/webscr HTTP/1.1
Host: www.paypal.com
Accept: */*
Connection: Close
Content-Length: 1182
Content-Type: application/x-www-form-urlencoded
Expect: 100-continue

 for IPN payload: cmd=_notify-validate&mc_gross=120.00&protection_eligibility=Eligible&for_auction=true&address_status=confirmed&item_number1=322209845994&tax=0.00&payer_id=8UPCUEFWSKEBS&ebay_txn_id1=1629957377011&address_street=PO+BOX+2793&payment_date=13%3A50%3A50+Jul+29%2C+2016+PDT&payment_status=Completed&charset=windows-1252&address_zip=92837-0793&mc_shipping=0.00&first_name=Kevin&mc_fee=5.58&auction_buyer_id=714molina&address_country_code=US&address_name=Kevin&notify_version=3.8&custom=EBAY_EMSCX0000674868384617&payer_status=verified&business=dario.trbovic%40yahoo.com&address_country=United+States&num_cart_items=1&address_city=Fullerton&verify_sign=ATHKeScUQunua7B.uMmiRTTymhkaAs.s6r0kkUEJFn9LrnGj95ShcFN-&payer_email=kevinkheradvar%40gmail.com&txn_id=913106680U6932725&payment_type=instant&payer_business_name=Ragz+Unlimited&last_name=Kheradvar&address_state=CA&item_name1=IG+Account&receiver_email=dario.trbovic%40yahoo.com&payment_fee=5.58&quantity1=1&insurance_amount=0.00&receiver_id=VVT26N4P7WR52&txn_type=cart&item_name=IG+Account&mc_gross_1=120.00&mc_currency=USD&item_number=322209845994&residence_country=US&transaction_subject=&payment_gross=120.00&ipn_track_id=1572f1a339921
[2016-07-29 20:51 UTC] HTTP response of validation request: HTTP/1.1 200 OK
Server: Apache
X-Frame-Options: SAMEORIGIN
Cache-Control: max-age=0, no-cache, no-store, must-revalidate
Pragma: no-cache
HTTP_X_PP_AZ_LOCATOR: slcb.slc
Paypal-Debug-Id: 778baf28307a2
Cache-Control: max-age=0, no-cache, no-store, must-revalidate
Pragma: no-cache
Content-Type: text/html; charset=UTF-8
DC: phx-origin-www-1.paypal.com
Date: Fri, 29 Jul 2016 20:51:05 GMT
Content-Length: 8
Connection: close
Set-Cookie: cwrClyrK4LoCV1fydGbAxiNL6iG=YSsZL1UaqWH0SMs5uk132NObnVfWhMCOZiA3ep2w-dTppQ_H_pyKZjdhQL4X51gXQ-VNP_zqFvYVIk4TQ2GEXD5MGGlkXj7ROOAwySgfWwQ1otAsyqGbKwSPp4ibHkqzzQ22qQst1_1KdHEREf71iuYIU_6KnqesltZP8gW1Jt9C54l3Kx5LMV3XsawviD977HWbGtOuKCG7UIsk7QpLee29he7MfUSOtkytsGY8cr7jSHnHhY3g1lMxIJjLNjvo0-iCl1tQUlFxnyTOL3NTlpdc3kDIYmms0UduMJLgxMHjZ7O5MR2FeAR3WXnDxeL7Kxs0ptx55wTvxQTedwv7YuqI3nugADkWuDARNibyvasHcCLCJTv-RUEgn6N76yuCiPxG0pXMd5sPS9R3CDemS2TD8IqZvTpfhc1WMiHsHX3lEkGnDgNOCQRSBUq; domain=.paypal.com; path=/; Secure; HttpOnly
Set-Cookie: cookie_check=yes; expires=Mon, 27-Jul-2026 20:51:05 GMT; domain=.paypal.com; path=/; Secure; HttpOnly
Set-Cookie: navcmd=_notify-validate; domain=.paypal.com; path=/; Secure; HttpOnly
Set-Cookie: navlns=0.0; expires=Sun, 29-Jul-2018 20:51:05 GMT; domain=.paypal.com; path=/; Secure; HttpOnly
Set-Cookie: X-PP-SILOVER=name%3DLIVE3.WEB.1%26silo_version%3D880%26app%3Dappdispatcher%26TIME%3D3116473175%26HTTP_X_PP_AZ_LOCATOR%3Dslcb.slc; Expires=Fri, 29 Jul 2016 21:21:05 GMT; domain=.paypal.com; path=/; Secure; HttpOnly
Set-Cookie: X-PP-SILOVER=; Expires=Thu, 01 Jan 1970 00:00:01 GMT
Set-Cookie: Apache=10.190.8.162.1469825465198326; path=/; expires=Sun, 22-Jul-46 20:51:05 GMT
Set-Cookie: AKDC=phx-origin-www-1.paypal.com; expires=Fri, 29-Jul-2016 21:21:05 GMT; path=/; secure
Strict-Transport-Security: max-age=63072000

VERIFIED
[2016-07-29 20:51 UTC] Verified IPN: cmd=_notify-validate&mc_gross=120.00&protection_eligibility=Eligible&for_auction=true&address_status=confirmed&item_number1=322209845994&tax=0.00&payer_id=8UPCUEFWSKEBS&ebay_txn_id1=1629957377011&address_street=PO+BOX+2793&payment_date=13%3A50%3A50+Jul+29%2C+2016+PDT&payment_status=Completed&charset=windows-1252&address_zip=92837-0793&mc_shipping=0.00&first_name=Kevin&mc_fee=5.58&auction_buyer_id=714molina&address_country_code=US&address_name=Kevin&notify_version=3.8&custom=EBAY_EMSCX0000674868384617&payer_status=verified&business=dario.trbovic%40yahoo.com&address_country=United+States&num_cart_items=1&address_city=Fullerton&verify_sign=ATHKeScUQunua7B.uMmiRTTymhkaAs.s6r0kkUEJFn9LrnGj95ShcFN-&payer_email=kevinkheradvar%40gmail.com&txn_id=913106680U6932725&payment_type=instant&payer_business_name=Ragz+Unlimited&last_name=Kheradvar&address_state=CA&item_name1=IG+Account&receiver_email=dario.trbovic%40yahoo.com&payment_fee=5.58&quantity1=1&insurance_amount=0.00&receiver_id=VVT26N4P7WR52&txn_type=cart&item_name=IG+Account&mc_gross_1=120.00&mc_currency=USD&item_number=322209845994&residence_country=US&transaction_subject=&payment_gross=120.00&ipn_track_id=1572f1a339921 
[2016-07-30 15:09 UTC] HTTP request of validation request:POST /cgi-bin/webscr HTTP/1.1
Host: www.paypal.com
Accept: */*
Connection: Close
Content-Length: 929
Content-Type: application/x-www-form-urlencoded

 for IPN payload: cmd=_notify-validate&mc_gross=145.00&protection_eligibility=Ineligible&address_status=unconfirmed&payer_id=KWFLZP5U3L8VQ&address_street=Isifya&payment_date=08%3A09%3A23+Jul+30%2C+2016+PDT&payment_status=Completed&charset=windows-1252&address_zip=300900&first_name=Ramy&mc_fee=7.84&address_country_code=IL&address_name=Ramy+Halloun&notify_version=3.8&payer_status=verified&business=dario.trbovic%40yahoo.com&address_country=Israel&address_city=Haifa&verify_sign=AP77O1uyNP0rDfuu.nrS4ws4IWikA.Pgp0PwuVspoQWIJIoALhDHXrSi&payer_email=ramytoig%40gmail.com&memo=instagram+account+%40femalethought.ss+conversation+on+kik%3A+darioosijek+and+ramyh96&txn_id=8K980908UW962183E&payment_type=instant&last_name=Halloun&address_state=&receiver_email=dario.trbovic%40yahoo.com&payment_fee=7.84&receiver_id=VVT26N4P7WR52&txn_type=send_money&mc_currency=USD&residence_country=IL&transaction_subject=&payment_gross=145.00&ipn_track_id=57662416a925e
[2016-07-30 15:09 UTC] HTTP response of validation request: HTTP/1.1 200 OK
Server: Apache
X-Frame-Options: SAMEORIGIN
HTTP_X_PP_AZ_LOCATOR: dcg11.slc
Paypal-Debug-Id: 5d8ad15e33cd3
Cache-Control: max-age=0, no-cache, no-store, must-revalidate
Pragma: no-cache
Content-Type: text/html; charset=UTF-8
DC: slc-b-origin-www-1.paypal.com
Date: Sat, 30 Jul 2016 15:09:37 GMT
Content-Length: 8
Connection: close
Set-Cookie: cwrClyrK4LoCV1fydGbAxiNL6iG=Cg8EvSCZl-F5Ljn-npLhXDeQPe5bTSzmuPEITQ-oF22yOXuAH0vgiG8SztwcUsgobBtj1MWKKgay2eXfBWRadQghwKfqAduKedojWQDTdeptdbVorsiMIppemiwESOYTq6oDJFB0MQjhOzcU7cb7rbA24RQgCYAPP961ShQslDY2FIhkSi5BNCux4H5ugo6lWb68bPjast05KW30s-YjCtZvwuBwNaXfIlhqUA-jWc9Jc4TCrtpFUw-PVLJLdS88w5L1THl2szloxSrCxFL9Ul37maGeYlFN-IKE3dfdlNK3r50Pin7MRFfY_FwSCPuelUXJ0KJ-PAep5lh6HR2-WQNt3ofeSK8iiPxPToNJtGNNI7v8iu7rCSE0YOYAMr44eYw0odSS2fQP1f6Xm7YVdzMgIXsbqn2HuMYHJl5MCnGqVOuQS5VD3ESW3e0; domain=.paypal.com; path=/; Secure; HttpOnly
Set-Cookie: cookie_check=yes; expires=Tue, 28-Jul-2026 15:09:37 GMT; domain=.paypal.com; path=/; Secure; HttpOnly
Set-Cookie: navcmd=_notify-validate; domain=.paypal.com; path=/; Secure; HttpOnly
Set-Cookie: navlns=0.0; expires=Mon, 30-Jul-2018 15:09:37 GMT; domain=.paypal.com; path=/; Secure; HttpOnly
Set-Cookie: X-PP-SILOVER=name%3DLIVE6.WEB.1%26silo_version%3D880%26app%3Dappdispatcher%26TIME%3D834903127%26HTTP_X_PP_AZ_LOCATOR%3Ddcg11.slc; Expires=Sat, 30 Jul 2016 15:39:37 GMT; domain=.paypal.com; path=/; Secure; HttpOnly
Set-Cookie: X-PP-SILOVER=; Expires=Thu, 01 Jan 1970 00:00:01 GMT
Set-Cookie: AKDC=slc-b-origin-www-1.paypal.com; expires=Sat, 30-Jul-2016 15:39:37 GMT; path=/; secure
Strict-Transport-Security: max-age=63072000

VERIFIED
[2016-07-30 15:09 UTC] Verified IPN: cmd=_notify-validate&mc_gross=145.00&protection_eligibility=Ineligible&address_status=unconfirmed&payer_id=KWFLZP5U3L8VQ&address_street=Isifya&payment_date=08%3A09%3A23+Jul+30%2C+2016+PDT&payment_status=Completed&charset=windows-1252&address_zip=300900&first_name=Ramy&mc_fee=7.84&address_country_code=IL&address_name=Ramy+Halloun&notify_version=3.8&payer_status=verified&business=dario.trbovic%40yahoo.com&address_country=Israel&address_city=Haifa&verify_sign=AP77O1uyNP0rDfuu.nrS4ws4IWikA.Pgp0PwuVspoQWIJIoALhDHXrSi&payer_email=ramytoig%40gmail.com&memo=instagram+account+%40femalethought.ss+conversation+on+kik%3A+darioosijek+and+ramyh96&txn_id=8K980908UW962183E&payment_type=instant&last_name=Halloun&address_state=&receiver_email=dario.trbovic%40yahoo.com&payment_fee=7.84&receiver_id=VVT26N4P7WR52&txn_type=send_money&mc_currency=USD&residence_country=IL&transaction_subject=&payment_gross=145.00&ipn_track_id=57662416a925e 
[2016-07-30 15:12 UTC] HTTP request of validation request:POST /cgi-bin/webscr HTTP/1.1
Host: www.paypal.com
Accept: */*
Connection: Close
Content-Length: 1256
Content-Type: application/x-www-form-urlencoded
Expect: 100-continue

 for IPN payload: cmd=_notify-validate&mc_gross=-120.00&protection_eligibility=Eligible&item_number1=322209845994&payer_id=8UPCUEFWSKEBS&ebay_txn_id1=1629957377011&address_street=PO+BOX+2793&payment_date=08%3A12%3A30+Jul+30%2C+2016+PDT&payment_status=Refunded&charset=windows-1252&address_zip=92837-0793&mc_shipping=0.00&mc_handling=0.00&first_name=Kevin&mc_fee=-5.58&auction_buyer_id=714molina&address_country_code=US&address_name=Kevin&notify_version=3.8&reason_code=refund&custom=EBAY_EMSCX0000674868384617&business=dario.trbovic%40yahoo.com&address_country=United+States&mc_handling1=0.00&address_city=Fullerton&verify_sign=ASXdDrlbTVyCpgzeV32eDNNYww9lAjd7ayS4U49dB-ZxYDgfh7iFGTLA&mc_shipping1=0.00&payer_email=kevinkheradvar%40gmail.com&tax1=0.00&parent_txn_id=913106680U6932725&txn_id=4TM63075XG345640H&payment_type=instant&payer_business_name=Ragz+Unlimited&last_name=Kheradvar&address_state=CA&item_name1=IG+Account&receiver_email=dario.trbovic%40yahoo.com&payment_fee=-5.58&shipping_discount=0.00&quantity1=1&insurance_amount=0.00&receiver_id=VVT26N4P7WR52&item_name=IG+Account&discount=0.00&mc_gross_1=120.00&mc_currency=USD&item_number=322209845994&residence_country=US&shipping_method=Default&transaction_subject=&payment_gross=-120.00&ipn_track_id=78cc60166fcd9
[2016-07-30 15:12 UTC] HTTP response of validation request: HTTP/1.1 200 OK
Server: Apache
X-Frame-Options: SAMEORIGIN
HTTP_X_PP_AZ_LOCATOR: dcg12.slc
Paypal-Debug-Id: c21deba7b5ce1
Cache-Control: max-age=0, no-cache, no-store, must-revalidate
Pragma: no-cache
Content-Type: text/html; charset=UTF-8
DC: ccg11-origin-www-2.paypal.com
Date: Sat, 30 Jul 2016 15:12:43 GMT
Content-Length: 8
Connection: close
Set-Cookie: cwrClyrK4LoCV1fydGbAxiNL6iG=Vz_0lmma4Hni9iunOjZKxsOzE9DWw8vKja7ljRfTqG4mS-b5B9nYTydqSlon_yg6HAPlN-_7OT7pwQGu_BSd5qE6CxPGbrmBTSHRzm8efxcdDxvJcYxK9c9R4miFNGxt0ZH9VGuoyWyuRpFErqNC_BB1lsrKg39XRlyfm1zI0kF3Je4IzNzX-U0ciY3A41brspFhffKu7v7PM1zuweQtfyDJgSb4_egi0jAJg1ZKk7uwumbqtPZ3W19KVmEDNoWY9BU8msPM2JfYsK-bxOQzM5XBmVPxL-nRuf9TZwpuRoylIbvO1QuqhejpAHTTExTcMpZcERCbZeePiSXy7iFgDl2INebrsxuztzn0UvBvJbqaG8RU9gerrDAvvwSmJm08jBmzsFfamicM7KrukC9nAxye1y4vTdNYe53z2dWGFijNmFO7ZyX0YMccAq8; domain=.paypal.com; path=/; Secure; HttpOnly
Set-Cookie: cookie_check=yes; expires=Tue, 28-Jul-2026 15:12:43 GMT; domain=.paypal.com; path=/; Secure; HttpOnly
Set-Cookie: navcmd=_notify-validate; domain=.paypal.com; path=/; Secure; HttpOnly
Set-Cookie: navlns=0.0; expires=Mon, 30-Jul-2018 15:12:43 GMT; domain=.paypal.com; path=/; Secure; HttpOnly
Set-Cookie: X-PP-SILOVER=name%3DLIVE5.WEB.1%26silo_version%3D880%26app%3Dappdispatcher%26TIME%3D3938688087%26HTTP_X_PP_AZ_LOCATOR%3Ddcg12.slc; Expires=Sat, 30 Jul 2016 15:42:43 GMT; domain=.paypal.com; path=/; Secure; HttpOnly
Set-Cookie: X-PP-SILOVER=; Expires=Thu, 01 Jan 1970 00:00:01 GMT
Set-Cookie: AKDC=ccg11-origin-www-2.paypal.com; expires=Sat, 30-Jul-2016 15:42:43 GMT; path=/; secure
Strict-Transport-Security: max-age=63072000

VERIFIED
[2016-07-30 15:12 UTC] Verified IPN: cmd=_notify-validate&mc_gross=-120.00&protection_eligibility=Eligible&item_number1=322209845994&payer_id=8UPCUEFWSKEBS&ebay_txn_id1=1629957377011&address_street=PO+BOX+2793&payment_date=08%3A12%3A30+Jul+30%2C+2016+PDT&payment_status=Refunded&charset=windows-1252&address_zip=92837-0793&mc_shipping=0.00&mc_handling=0.00&first_name=Kevin&mc_fee=-5.58&auction_buyer_id=714molina&address_country_code=US&address_name=Kevin&notify_version=3.8&reason_code=refund&custom=EBAY_EMSCX0000674868384617&business=dario.trbovic%40yahoo.com&address_country=United+States&mc_handling1=0.00&address_city=Fullerton&verify_sign=ASXdDrlbTVyCpgzeV32eDNNYww9lAjd7ayS4U49dB-ZxYDgfh7iFGTLA&mc_shipping1=0.00&payer_email=kevinkheradvar%40gmail.com&tax1=0.00&parent_txn_id=913106680U6932725&txn_id=4TM63075XG345640H&payment_type=instant&payer_business_name=Ragz+Unlimited&last_name=Kheradvar&address_state=CA&item_name1=IG+Account&receiver_email=dario.trbovic%40yahoo.com&payment_fee=-5.58&shipping_discount=0.00&quantity1=1&insurance_amount=0.00&receiver_id=VVT26N4P7WR52&item_name=IG+Account&discount=0.00&mc_gross_1=120.00&mc_currency=USD&item_number=322209845994&residence_country=US&shipping_method=Default&transaction_subject=&payment_gross=-120.00&ipn_track_id=78cc60166fcd9 
[2016-07-31 15:23 UTC] HTTP request of validation request:POST /cgi-bin/webscr HTTP/1.1
Host: www.paypal.com
Accept: */*
Connection: Close
Content-Length: 696
Content-Type: application/x-www-form-urlencoded

 for IPN payload: cmd=_notify-validate&transaction_subject=&payment_date=08%3A23%3A18+Jul+31%2C+2016+PDT&txn_type=send_money&last_name=Hartel&residence_country=US&payment_gross=6.00&mc_currency=USD&business=dario.trbovic%40yahoo.com&payment_type=instant&protection_eligibility=Ineligible&verify_sign=APvissTSNYxEsF2tvyvfCnTn10fsAsd86-02TWlyml2jWhkxK241xFE1&payer_status=verified&payer_email=sabrina.hartel%40gmail.com&txn_id=9TT15475XC930192J&receiver_email=dario.trbovic%40yahoo.com&first_name=Sabrina&payer_id=LGV3G4AFWB4GG&receiver_id=VVT26N4P7WR52&memo=Asia+soul+kitchen+font&payment_status=Completed&payment_fee=0.56&mc_fee=0.56&mc_gross=6.00&charset=windows-1252&notify_version=3.8&ipn_track_id=d012dce537b5d
[2016-07-31 15:23 UTC] HTTP response of validation request: HTTP/1.1 200 OK
Server: Apache
X-Frame-Options: SAMEORIGIN
Cache-Control: max-age=0, no-cache, no-store, must-revalidate
Pragma: no-cache
HTTP_X_PP_AZ_LOCATOR: slcb.slc
Paypal-Debug-Id: e47674b57d50d
Cache-Control: max-age=0, no-cache, no-store, must-revalidate
Pragma: no-cache
Content-Type: text/html; charset=UTF-8
DC: slc-b-origin-www-2.paypal.com
Date: Sun, 31 Jul 2016 15:23:31 GMT
Content-Length: 8
Connection: close
Set-Cookie: cwrClyrK4LoCV1fydGbAxiNL6iG=MjmnB1QSZg_5_gQYJ6WoJVyhHNhhL7_lD2pMtehtHfYPVSoyoqIMxlSdPLjMSvb5oKV1XqBG6yguFwAVYX7AcsvSJjoURFUmlycHqHQ6X-xH1-ndEKrNa0PfbpyYlAh52j7ytbeBJLPONdU658av8xcSUS0aMyVkqfrPeNdQEiXW1CNu6CLR8hd0P8rwZVH92l01J8Gf-339Hi9lzckHdCg35O87BKS2C3j472MXIeAQUamMLHILoEko0xxCgRZyNBkSW1WXOnAXNGn0kfoqXxhB-W95WmXd7oLC6mJ7eHpZ2M8CS5X3w3T3LsY8zP2BujTH8otXzPbJwh6IdPKqTpFMtmfcdj2eTe6WHyv6f56xHoL5JsDPg-IIS2Fu-Jquhp2V2s0DgZ2ZZEQ2M-KUz11tgXMEsnbleNVmx4D9X6C7iCQFo-qWrgKMBvK; domain=.paypal.com; path=/; Secure; HttpOnly
Set-Cookie: cookie_check=yes; expires=Wed, 29-Jul-2026 15:23:30 GMT; domain=.paypal.com; path=/; Secure; HttpOnly
Set-Cookie: navcmd=_notify-validate; domain=.paypal.com; path=/; Secure; HttpOnly
Set-Cookie: navlns=0.0; expires=Tue, 31-Jul-2018 15:23:30 GMT; domain=.paypal.com; path=/; Secure; HttpOnly
Set-Cookie: X-PP-SILOVER=name%3DLIVE6.WEB.1%26silo_version%3D880%26app%3Dappdispatcher%26TIME%3D4061634135%26HTTP_X_PP_AZ_LOCATOR%3Dslcb.slc; Expires=Sun, 31 Jul 2016 15:53:30 GMT; domain=.paypal.com; path=/; Secure; HttpOnly
Set-Cookie: X-PP-SILOVER=; Expires=Thu, 01 Jan 1970 00:00:01 GMT
Set-Cookie: AKDC=slc-b-origin-www-2.paypal.com; expires=Sun, 31-Jul-2016 15:53:31 GMT; path=/; secure
Strict-Transport-Security: max-age=63072000

VERIFIED
[2016-07-31 15:23 UTC] Verified IPN: cmd=_notify-validate&transaction_subject=&payment_date=08%3A23%3A18+Jul+31%2C+2016+PDT&txn_type=send_money&last_name=Hartel&residence_country=US&payment_gross=6.00&mc_currency=USD&business=dario.trbovic%40yahoo.com&payment_type=instant&protection_eligibility=Ineligible&verify_sign=APvissTSNYxEsF2tvyvfCnTn10fsAsd86-02TWlyml2jWhkxK241xFE1&payer_status=verified&payer_email=sabrina.hartel%40gmail.com&txn_id=9TT15475XC930192J&receiver_email=dario.trbovic%40yahoo.com&first_name=Sabrina&payer_id=LGV3G4AFWB4GG&receiver_id=VVT26N4P7WR52&memo=Asia+soul+kitchen+font&payment_status=Completed&payment_fee=0.56&mc_fee=0.56&mc_gross=6.00&charset=windows-1252&notify_version=3.8&ipn_track_id=d012dce537b5d 
[2016-08-02 22:10 UTC] HTTP request of validation request:POST /cgi-bin/webscr HTTP/1.1
Host: www.paypal.com
Accept: */*
Connection: Close
Content-Length: 638
Content-Type: application/x-www-form-urlencoded

 for IPN payload: cmd=_notify-validate&transaction_subject=&txn_type=send_money&payment_date=15%3A10%3A31+Aug+02%2C+2016+PDT&last_name=Villegas&residence_country=US&payment_gross=50.00&mc_currency=USD&business=dario.trbovic%40yahoo.com&payment_type=instant&protection_eligibility=Ineligible&verify_sign=AKhrnuOItQeXeKF-QnX150.EJ0ZDAF2iVl6OSXZLG0I4ljhtLoAUzMzo&payer_status=verified&payer_email=jamespoter419%40gmail.com&txn_id=8BM430093T9669906&receiver_email=dario.trbovic%40yahoo.com&first_name=Rosa&payer_id=EUR9662MU5VWY&receiver_id=VVT26N4P7WR52&payment_status=Completed&mc_gross=50.00&charset=windows-1252&notify_version=3.8&ipn_track_id=8b63a0e87cd2
[2016-08-02 22:10 UTC] HTTP response of validation request: HTTP/1.1 200 OK
Server: Apache
X-Frame-Options: SAMEORIGIN
Cache-Control: max-age=0, no-cache, no-store, must-revalidate
Pragma: no-cache
HTTP_X_PP_AZ_LOCATOR: slcb.slc
Paypal-Debug-Id: df1049c7703dc
Cache-Control: max-age=0, no-cache, no-store, must-revalidate
Pragma: no-cache
Content-Type: text/html; charset=UTF-8
DC: phx-origin-www-2.paypal.com
Date: Tue, 02 Aug 2016 22:10:43 GMT
Content-Length: 8
Connection: close
Set-Cookie: cwrClyrK4LoCV1fydGbAxiNL6iG=Fx_1kHwCaSPISshJKM-WL-Y9H0zjcD2BSuwhREBbrq9bKzpZQH4akSu5wKqandNanSUtfCeiTWhPCh6CP4IGSC1CffwyK2BqkYSFER5JPfe3vGhRmSBCA4jzXg1vpWi0I3ahOsGd1vcKVMuJ4fACbAOoDuzJuFTKAJqZ9-KCXaUnwgmQrXgmPIGSRJvFGuWzWg4-57fRRCYUOLsyqe0Zs5Wx5QPSJ_x8xm1wAjS-4DzyHGAoXEr85N3q-sTm6AujATtjmN_CidugiwVOAUgmeBKhJ0gollULLcYcOL8O7g0OCn12Ja9qCWNrGzAXAUSxtdCIWLgDieOx0SG3curyiEQj9HNVWMQ6RjJVJZOfq5fCE159Kzb-kYqloPEP_R0na98U7fKFA5qP5xwY5C_G17qYajeJZp-RLsQQTu-HXzt3LKkWM4PdgmG--pG; domain=.paypal.com; path=/; Secure; HttpOnly
Set-Cookie: cookie_check=yes; expires=Fri, 31-Jul-2026 22:10:42 GMT; domain=.paypal.com; path=/; Secure; HttpOnly
Set-Cookie: navcmd=_notify-validate; domain=.paypal.com; path=/; Secure; HttpOnly
Set-Cookie: navlns=0.0; expires=Thu, 02-Aug-2018 22:10:42 GMT; domain=.paypal.com; path=/; Secure; HttpOnly
Set-Cookie: X-PP-SILOVER=name%3DLIVE3.WEB.1%26silo_version%3D880%26app%3Dappdispatcher%26TIME%3D1645912407%26HTTP_X_PP_AZ_LOCATOR%3Dslcb.slc; Expires=Tue, 02 Aug 2016 22:40:42 GMT; domain=.paypal.com; path=/; Secure; HttpOnly
Set-Cookie: X-PP-SILOVER=; Expires=Thu, 01 Jan 1970 00:00:01 GMT
Set-Cookie: Apache=10.190.9.186.1470175842459355; path=/; expires=Thu, 26-Jul-46 22:10:42 GMT
Set-Cookie: AKDC=phx-origin-www-2.paypal.com; expires=Tue, 02-Aug-2016 22:40:43 GMT; path=/; secure
Strict-Transport-Security: max-age=63072000

VERIFIED
[2016-08-02 22:10 UTC] Verified IPN: cmd=_notify-validate&transaction_subject=&txn_type=send_money&payment_date=15%3A10%3A31+Aug+02%2C+2016+PDT&last_name=Villegas&residence_country=US&payment_gross=50.00&mc_currency=USD&business=dario.trbovic%40yahoo.com&payment_type=instant&protection_eligibility=Ineligible&verify_sign=AKhrnuOItQeXeKF-QnX150.EJ0ZDAF2iVl6OSXZLG0I4ljhtLoAUzMzo&payer_status=verified&payer_email=jamespoter419%40gmail.com&txn_id=8BM430093T9669906&receiver_email=dario.trbovic%40yahoo.com&first_name=Rosa&payer_id=EUR9662MU5VWY&receiver_id=VVT26N4P7WR52&payment_status=Completed&mc_gross=50.00&charset=windows-1252&notify_version=3.8&ipn_track_id=8b63a0e87cd2 
[2016-08-04 14:22 UTC] HTTP request of validation request:POST /cgi-bin/webscr HTTP/1.1
Host: www.paypal.com
Accept: */*
Connection: Close
Content-Length: 674
Content-Type: application/x-www-form-urlencoded

 for IPN payload: cmd=_notify-validate&transaction_subject=&txn_type=send_money&payment_date=07%3A22%3A20+Aug+04%2C+2016+PDT&last_name=Kleinsorge&residence_country=US&payment_gross=150.00&mc_currency=USD&business=dario.trbovic%40yahoo.com&payment_type=instant&protection_eligibility=Ineligible&verify_sign=Az-7lYaCY5RXQ2BJcd7C3M0cHeqTA0p71-6GVfBYzFVCfJhe7rbu.wp6&payer_status=verified&payer_email=eric%40wedanet.com&txn_id=47426782VK5164501&receiver_email=dario.trbovic%40yahoo.com&first_name=Eric&payer_id=2JZKYSB6DLRBS&receiver_id=VVT26N4P7WR52&memo=CSLA+API&payer_business_name=WEDA&payment_status=Completed&mc_gross=150.00&charset=windows-1252&notify_version=3.8&ipn_track_id=b41dcacbfff8
[2016-08-04 14:22 UTC] HTTP response of validation request: HTTP/1.1 200 OK
Server: Apache
X-Frame-Options: SAMEORIGIN
Cache-Control: max-age=0, no-cache, no-store, must-revalidate
Pragma: no-cache
HTTP_X_PP_AZ_LOCATOR: slcb.slc
Paypal-Debug-Id: 4863b1efd70de
Cache-Control: max-age=0, no-cache, no-store, must-revalidate
Pragma: no-cache
Content-Type: text/html; charset=UTF-8
DC: phx-origin-www-2.paypal.com
Date: Thu, 04 Aug 2016 14:22:33 GMT
Content-Length: 8
Connection: close
Set-Cookie: cwrClyrK4LoCV1fydGbAxiNL6iG=a2duA-rPDRbBTINKwdSmAy4LVzUA7WoAGIWVNft1vxqO1HV1yDB0g7Q58K_ctibG4v4cMXAs_st64_xQiB5C2Ag5flrCneiXgb3rfo5EyiKOl-kyBuG_Ea7fw3ZVx5mpQQYo4FpmySVV3c8sJ94I-d83nc8VqRuNf-radnjW704WVpba8HK3TTgCwmAyTg6gs0AcxgWqRtGytnndTsHifT1Jdutq24CKnO44ALlMtvQk9QEdapxp1W2B08iBDuhbXdiELsMFDYI_U7r7YJEwo50L_N_BoNERLmfWXgmnLHYeffTWrmuZiV03_raL2xEchCjaQg-j30xlCCHlFCUTQ6hhmZYyYnmQlfH63MvvQBLmRftX0MyT5l8btcukAUOj-f4jms-Gy54s76k_8ajimPeJm5AqVvDnl-yiKzydThI65CRxHhPe9uO0DPu; domain=.paypal.com; path=/; Secure; HttpOnly
Set-Cookie: cookie_check=yes; expires=Sun, 02-Aug-2026 14:22:33 GMT; domain=.paypal.com; path=/; Secure; HttpOnly
Set-Cookie: navcmd=_notify-validate; domain=.paypal.com; path=/; Secure; HttpOnly
Set-Cookie: navlns=0.0; expires=Sat, 04-Aug-2018 14:22:33 GMT; domain=.paypal.com; path=/; Secure; HttpOnly
Set-Cookie: X-PP-SILOVER=name%3DLIVE3.WEB.1%26silo_version%3D880%26app%3Dappdispatcher%26TIME%3D2823791447%26HTTP_X_PP_AZ_LOCATOR%3Dslcb.slc; Expires=Thu, 04 Aug 2016 14:52:33 GMT; domain=.paypal.com; path=/; Secure; HttpOnly
Set-Cookie: X-PP-SILOVER=; Expires=Thu, 01 Jan 1970 00:00:01 GMT
Set-Cookie: Apache=10.190.9.200.1470320552880667; path=/; expires=Sat, 28-Jul-46 14:22:32 GMT
Set-Cookie: AKDC=phx-origin-www-2.paypal.com; expires=Thu, 04-Aug-2016 14:52:33 GMT; path=/; secure
Strict-Transport-Security: max-age=63072000

VERIFIED
[2016-08-04 14:22 UTC] Verified IPN: cmd=_notify-validate&transaction_subject=&txn_type=send_money&payment_date=07%3A22%3A20+Aug+04%2C+2016+PDT&last_name=Kleinsorge&residence_country=US&payment_gross=150.00&mc_currency=USD&business=dario.trbovic%40yahoo.com&payment_type=instant&protection_eligibility=Ineligible&verify_sign=Az-7lYaCY5RXQ2BJcd7C3M0cHeqTA0p71-6GVfBYzFVCfJhe7rbu.wp6&payer_status=verified&payer_email=eric%40wedanet.com&txn_id=47426782VK5164501&receiver_email=dario.trbovic%40yahoo.com&first_name=Eric&payer_id=2JZKYSB6DLRBS&receiver_id=VVT26N4P7WR52&memo=CSLA+API&payer_business_name=WEDA&payment_status=Completed&mc_gross=150.00&charset=windows-1252&notify_version=3.8&ipn_track_id=b41dcacbfff8 
[2016-08-15 19:29 UTC] HTTP request of validation request:POST /cgi-bin/webscr HTTP/1.1
Host: www.paypal.com
Accept: */*
Connection: Close
Content-Length: 644
Content-Type: application/x-www-form-urlencoded

 for IPN payload: cmd=_notify-validate&transaction_subject=&txn_type=send_money&payment_date=12%3A28%3A49+Aug+15%2C+2016+PDT&last_name=Atanackovi%1A&residence_country=HR&payment_gross=6.00&mc_currency=USD&business=dario.trbovic%40yahoo.com&payment_type=instant&protection_eligibility=Ineligible&verify_sign=AE.pCRu8dAgEChKtiAO8IAX666.2AMtb6oYCJwPHzCrAOwn6UVjUG.3l&payer_status=unverified&payer_email=aatanac%40gmail.com&txn_id=9RC112910L725602D&receiver_email=dario.trbovic%40yahoo.com&first_name=Aleksandar&payer_id=CHDD34LQQF26U&receiver_id=VVT26N4P7WR52&payment_status=Completed&mc_gross=6.00&charset=windows-1252&notify_version=3.8&ipn_track_id=79a27e95c08d8
[2016-08-15 19:29 UTC] HTTP response of validation request: HTTP/1.1 200 OK
Server: Apache
X-Frame-Options: SAMEORIGIN
Cache-Control: max-age=0, no-cache, no-store, must-revalidate
Pragma: no-cache
HTTP_X_PP_AZ_LOCATOR: slcb.slc
Paypal-Debug-Id: 90a0bbbbbc80b
Cache-Control: max-age=0, no-cache, no-store, must-revalidate
Pragma: no-cache
Content-Type: text/html; charset=UTF-8
DC: ccg11-origin-www-2.paypal.com
Date: Mon, 15 Aug 2016 19:29:11 GMT
Content-Length: 8
Connection: close
Set-Cookie: cwrClyrK4LoCV1fydGbAxiNL6iG=8tgN2G2D8nX2f0m2w9OD3zt93fhVC7NSPpcrZTcwgLShFw9AakiRYOXwEwkdloVpgVSadW57ZdUrI6wx5AYntC-j-dUelfWfD02tcF4DxCSvJjKv1pY-uZctzfvxZ4WyIy_0lw-5YguhmVXTxX5unNDVqHSJP3vkxEwVUs1J4EmiPLv2I6jlKYBl1nT5SfzuiKWtniaVOyCUn0jU633RXqYJmmrreGC2hzOxO1Kc-VXMCqbCU75MCz60vFLjmPOiq1Aly4_P9fKSWb8aTP0F2r9Dwy_wbH1zyCLVsE2J7_xqMPGmwjc9Wiblkxf4k-4gNxZ7sOX2G3CPRguyN4FdGcvzgtAQpG1l1Z2XsCT3JIJywXMitnAz4G6p9xe0xckMthhJRrDG1StcSgtTmMTv2GVOvU5UxD-F8_PWFn1rFKQNccbWgjQMITxj_YG; domain=.paypal.com; path=/; Secure; HttpOnly
Set-Cookie: cookie_check=yes; expires=Thu, 13-Aug-2026 19:29:11 GMT; domain=.paypal.com; path=/; Secure; HttpOnly
Set-Cookie: navcmd=_notify-validate; domain=.paypal.com; path=/; Secure; HttpOnly
Set-Cookie: navlns=0.0; expires=Wed, 15-Aug-2018 19:29:11 GMT; domain=.paypal.com; path=/; Secure; HttpOnly
Set-Cookie: X-PP-SILOVER=name%3DLIVE5.WEB.1%26silo_version%3D880%26app%3Dappdispatcher%26TIME%3D102281815%26HTTP_X_PP_AZ_LOCATOR%3Dslcb.slc; Expires=Mon, 15 Aug 2016 19:59:11 GMT; domain=.paypal.com; path=/; Secure; HttpOnly
Set-Cookie: X-PP-SILOVER=; Expires=Thu, 01 Jan 1970 00:00:01 GMT
Set-Cookie: AKDC=ccg11-origin-www-2.paypal.com; expires=Mon, 15-Aug-2016 19:59:11 GMT; path=/; secure
Strict-Transport-Security: max-age=63072000

VERIFIED
[2016-08-15 19:29 UTC] Verified IPN: cmd=_notify-validate&transaction_subject=&txn_type=send_money&payment_date=12%3A28%3A49+Aug+15%2C+2016+PDT&last_name=Atanackovi%1A&residence_country=HR&payment_gross=6.00&mc_currency=USD&business=dario.trbovic%40yahoo.com&payment_type=instant&protection_eligibility=Ineligible&verify_sign=AE.pCRu8dAgEChKtiAO8IAX666.2AMtb6oYCJwPHzCrAOwn6UVjUG.3l&payer_status=unverified&payer_email=aatanac%40gmail.com&txn_id=9RC112910L725602D&receiver_email=dario.trbovic%40yahoo.com&first_name=Aleksandar&payer_id=CHDD34LQQF26U&receiver_id=VVT26N4P7WR52&payment_status=Completed&mc_gross=6.00&charset=windows-1252&notify_version=3.8&ipn_track_id=79a27e95c08d8 
[2016-08-15 19:31 UTC] HTTP request of validation request:POST /cgi-bin/webscr HTTP/1.1
Host: www.paypal.com
Accept: */*
Connection: Close
Content-Length: 662
Content-Type: application/x-www-form-urlencoded

 for IPN payload: cmd=_notify-validate&transaction_subject=&txn_type=send_money&payment_date=12%3A31%3A29+Aug+15%2C+2016+PDT&last_name=Kaufman&residence_country=IL&payment_gross=3.92&mc_currency=USD&business=dario.trbovic%40yahoo.com&payment_type=instant&protection_eligibility=Ineligible&verify_sign=APV6YFs.G39egeDtWY2gHLp.oKcvAHvuGFGeRk5Kloub5Ld8EiOGTx-P&payer_status=verified&payer_email=paypal%40fiverr.com&txn_id=4FF80957C2458234T&receiver_email=dario.trbovic%40yahoo.com&first_name=Micha&payer_id=VLSYX6LL576PU&receiver_id=VVT26N4P7WR52&payer_business_name=fiverr.com&payment_status=Completed&mc_gross=3.92&charset=windows-1252&notify_version=3.8&ipn_track_id=037abafbc8d25
[2016-08-15 19:31 UTC] HTTP response of validation request: HTTP/1.1 200 OK
Server: Apache
X-Frame-Options: SAMEORIGIN
HTTP_X_PP_AZ_LOCATOR: dcg12.slc
Paypal-Debug-Id: 110d9a1873b47
Cache-Control: max-age=0, no-cache, no-store, must-revalidate
Pragma: no-cache
Content-Type: text/html; charset=UTF-8
DC: ccg11-origin-www-2.paypal.com
Date: Mon, 15 Aug 2016 19:31:43 GMT
Content-Length: 8
Connection: close
Set-Cookie: cwrClyrK4LoCV1fydGbAxiNL6iG=zpWeNwOX8O0mMxsVW_rSkDqt1G1DM2PlLyrgU5WcNn3Jpky2XBNBsd0eYmsB14DaCcyCwVexxq1vZHlzJep7F6pNQ6HOn2SFgcbi6FuVwUvJjwsP6XwhQpRtJM7A5lFv2s3HKDFNX0ylthYYFHLJlKn2P38MMRbsyBO3e_znR9tXQtSzJJ-3tMiV5upoPmkj0yEX5PJDakgE8o5qLBhzO3lyzgyDXGT9bvuciI34UOPOzQNhP9xK96NJE7UFEtiy1UKlBPuRwId5rs4gypPjcD0vNaAPxBDbpHtK3DL8k7eTf58l4HkQGOryj7X1J3vge4RvclQ31bJAf41kOqI_hz1flNgvwemAgYuo-rwUmy2zyVUusjrU7k0mf9CZNQvOYzOHF7gm8qmeGMuydio_vhCRfkZ0GVsqP-UIgc5ZWfu75LgHP41UM3VsbGG; domain=.paypal.com; path=/; Secure; HttpOnly
Set-Cookie: cookie_check=yes; expires=Thu, 13-Aug-2026 19:31:42 GMT; domain=.paypal.com; path=/; Secure; HttpOnly
Set-Cookie: navcmd=_notify-validate; domain=.paypal.com; path=/; Secure; HttpOnly
Set-Cookie: navlns=0.0; expires=Wed, 15-Aug-2018 19:31:42 GMT; domain=.paypal.com; path=/; Secure; HttpOnly
Set-Cookie: X-PP-SILOVER=name%3DLIVE5.WEB.1%26silo_version%3D880%26app%3Dappdispatcher%26TIME%3D2652418647%26HTTP_X_PP_AZ_LOCATOR%3Ddcg12.slc; Expires=Mon, 15 Aug 2016 20:01:42 GMT; domain=.paypal.com; path=/; Secure; HttpOnly
Set-Cookie: X-PP-SILOVER=; Expires=Thu, 01 Jan 1970 00:00:01 GMT
Set-Cookie: AKDC=ccg11-origin-www-2.paypal.com; expires=Mon, 15-Aug-2016 20:01:43 GMT; path=/; secure
Strict-Transport-Security: max-age=63072000

VERIFIED
[2016-08-15 19:31 UTC] Verified IPN: cmd=_notify-validate&transaction_subject=&txn_type=send_money&payment_date=12%3A31%3A29+Aug+15%2C+2016+PDT&last_name=Kaufman&residence_country=IL&payment_gross=3.92&mc_currency=USD&business=dario.trbovic%40yahoo.com&payment_type=instant&protection_eligibility=Ineligible&verify_sign=APV6YFs.G39egeDtWY2gHLp.oKcvAHvuGFGeRk5Kloub5Ld8EiOGTx-P&payer_status=verified&payer_email=paypal%40fiverr.com&txn_id=4FF80957C2458234T&receiver_email=dario.trbovic%40yahoo.com&first_name=Micha&payer_id=VLSYX6LL576PU&receiver_id=VVT26N4P7WR52&payer_business_name=fiverr.com&payment_status=Completed&mc_gross=3.92&charset=windows-1252&notify_version=3.8&ipn_track_id=037abafbc8d25 
[2016-09-30 19:06 UTC] HTTP request of validation request:POST /cgi-bin/webscr HTTP/1.1
Host: www.paypal.com
Accept: */*
Connection: Close
Content-Length: 889
Content-Type: application/x-www-form-urlencoded

 for IPN payload: cmd=_notify-validate&mc_gross=50.00&protection_eligibility=Ineligible&address_status=unconfirmed&payer_id=2JZKYSB6DLRBS&address_street=2727+LBJ+Freeway%0D%0ASuite+402&payment_date=12%3A05%3A50+Sep+30%2C+2016+PDT&payment_status=Completed&charset=windows-1252&address_zip=75234&first_name=Eric&mc_fee=2.50&address_country_code=US&address_name=WEDA&notify_version=3.8&payer_status=verified&business=dario.trbovic%40yahoo.com&address_country=United+States&address_city=dallas&verify_sign=AJw0ZLqa4p.J4OaqOIAZhE.SQm4RAHyg2R-BttFfTYnaG6NqFNmYoe1q&payer_email=eric%40wedanet.com&txn_id=9L99798692022835C&payment_type=instant&payer_business_name=WEDA&last_name=Kleinsorge&address_state=TX&receiver_email=dario.trbovic%40yahoo.com&payment_fee=2.50&receiver_id=VVT26N4P7WR52&txn_type=send_money&mc_currency=USD&residence_country=US&transaction_subject=&payment_gross=50.00&ipn_track_id=e2e87c148d786
[2016-09-30 19:06 UTC] HTTP response of validation request: HTTP/1.1 200 OK
Server: Apache
X-Frame-Options: SAMEORIGIN
HTTP_X_PP_AZ_LOCATOR: dcg11.slc
Paypal-Debug-Id: 1d36dcc7abed6
Cache-Control: max-age=0, no-cache, no-store, must-revalidate
Pragma: no-cache
Content-Type: text/html; charset=UTF-8
DC: phx-origin-www-1.paypal.com
Date: Fri, 30 Sep 2016 19:06:13 GMT
Content-Length: 8
Connection: close
Set-Cookie: cwrClyrK4LoCV1fydGbAxiNL6iG=rg5yHCy12doW6CI2ejcnoSE-lczjAiT4i3vSgXe2yH5DQAkVo3E_oiryOIclKqPjsnwc_hW6VK-w5xsF9wC6ZEmoTojPLBPfy21DhwrN-BAJFA85AUVYLT6dLGkdxrkcJpX0mMX2IYOsCL4UI0LXanDn-ueHv9vX8wnaQHAc66JHQbJn6miNhr4_6iKbJW8EweXhdXCdR4GAmv6hATCwI35hibfDwV4w-A7e6kE0Ys1OFJg_hoMigKGIpfJI2PKa0RJl_3wQQxVNmmqW6U4FOzyJwp9AP5kZcfA0BoSiS_t_ADJAJB2vuUKhDXGhBX6G9lNyD_1XslrSkFvUP3nQRmyBk0D9WjjdOVXbbzYfJFNg6-6CwYWK4dIrPVn20-e1QdMNLS9iFVZ7bo4svN0qvjTogiI0URPjQYodNW6WaKJPkrCu29fiCaTE0p8; domain=.paypal.com; path=/; Secure; HttpOnly
Set-Cookie: cookie_check=yes; expires=Mon, 28-Sep-2026 19:06:13 GMT; domain=.paypal.com; path=/; Secure; HttpOnly
Set-Cookie: navcmd=_notify-validate; domain=.paypal.com; path=/; Secure; HttpOnly
Set-Cookie: navlns=0.0; expires=Sun, 30-Sep-2018 19:06:13 GMT; domain=.paypal.com; path=/; Secure; HttpOnly
Set-Cookie: X-PP-SILOVER=name%3DLIVE3.WEB.1%26silo_version%3D880%26app%3Dappdispatcher%26TIME%3D2763517527%26HTTP_X_PP_AZ_LOCATOR%3Ddcg11.slc; Expires=Fri, 30 Sep 2016 19:36:13 GMT; domain=.paypal.com; path=/; Secure; HttpOnly
Set-Cookie: X-PP-SILOVER=; Expires=Thu, 01 Jan 1970 00:00:01 GMT
Set-Cookie: AKDC=phx-origin-www-1.paypal.com; expires=Fri, 30-Sep-2016 19:36:13 GMT; path=/; secure
Strict-Transport-Security: max-age=63072000

VERIFIED
[2016-09-30 19:06 UTC] Verified IPN: cmd=_notify-validate&mc_gross=50.00&protection_eligibility=Ineligible&address_status=unconfirmed&payer_id=2JZKYSB6DLRBS&address_street=2727+LBJ+Freeway%0D%0ASuite+402&payment_date=12%3A05%3A50+Sep+30%2C+2016+PDT&payment_status=Completed&charset=windows-1252&address_zip=75234&first_name=Eric&mc_fee=2.50&address_country_code=US&address_name=WEDA&notify_version=3.8&payer_status=verified&business=dario.trbovic%40yahoo.com&address_country=United+States&address_city=dallas&verify_sign=AJw0ZLqa4p.J4OaqOIAZhE.SQm4RAHyg2R-BttFfTYnaG6NqFNmYoe1q&payer_email=eric%40wedanet.com&txn_id=9L99798692022835C&payment_type=instant&payer_business_name=WEDA&last_name=Kleinsorge&address_state=TX&receiver_email=dario.trbovic%40yahoo.com&payment_fee=2.50&receiver_id=VVT26N4P7WR52&txn_type=send_money&mc_currency=USD&residence_country=US&transaction_subject=&payment_gross=50.00&ipn_track_id=e2e87c148d786 
[2016-10-24 05:46 UTC] HTTP request of validation request:POST /cgi-bin/webscr HTTP/1.1
Host: www.paypal.com
Accept: */*
Connection: Close
Content-Length: 704
Content-Type: application/x-www-form-urlencoded

 for IPN payload: cmd=_notify-validate&transaction_subject=&payment_date=22%3A46%3A40+Oct+23%2C+2016+PDT&txn_type=send_money&last_name=Magnan&residence_country=US&pending_reason=multi_currency&payment_gross=&mc_currency=EUR&business=dario.trbovic%40yahoo.com&payment_type=instant&protection_eligibility=Ineligible&verify_sign=Az9Xd1arTA5cZDl3CswiCti0qSA.A18QfoJlMyfhpzz7IRHofn8zJ5dy&payer_status=unverified&payer_email=Diagonalda.831%40hotmail.com&txn_id=9RT89319TR5079639&receiver_email=dario.trbovic%40yahoo.com&first_name=Genevieve&payer_id=FCV2S5CQTX2U4&receiver_id=VVT26N4P7WR52&payer_business_name=Belldom+Inc.&payment_status=Pending&mc_gross=150.00&charset=windows-1252&notify_version=3.8&ipn_track_id=599a8d0962918
[2016-10-24 05:46 UTC] HTTP response of validation request: HTTP/1.1 200 OK
Server: Apache
X-Frame-Options: SAMEORIGIN
Cache-Control: max-age=0, no-cache, no-store, must-revalidate
Pragma: no-cache
HTTP_X_PP_AZ_LOCATOR: slcb.slc
Paypal-Debug-Id: a8b3f534aa140
Cache-Control: max-age=0, no-cache, no-store, must-revalidate
Pragma: no-cache
Content-Type: text/html; charset=UTF-8
DC: phx-origin-www-2.paypal.com
Date: Mon, 24 Oct 2016 05:46:51 GMT
Content-Length: 8
Connection: close
Set-Cookie: cwrClyrK4LoCV1fydGbAxiNL6iG=NCSzdsXujY-LES8ZFLLh6dzLD3BuPEXFGhHGvsmvbC5VdjBpmHHg4bttoQgaIjHAuXRo2KmkFQUEsWgmpDMOC49JaoC4wbx4pIKcNC-9Fo2CDDpPoLGAc1UfNdzxKXWGWED_QULC-sGGtHsAeyXyjO94S9zjoXjekHW_kKQaSCQcOw1iqj-xL5hi16HnFYD_bqPCcerOHsrwdoRMxvjf2T4ITrjDFrB26h8tENCVJsF_O4bS85qTJEP7W-IMLBHgIngO4M2EmLv77RAgkose1saNnHelNlto3cMIuL1TqT9Nfxq-bbdkhvXG-9VjsVxzRT69z60yasEvM65DbPk0I8-AH18bbGVP3nqU2Vcsp6wYbwU1zihKypUb69cmrPaI0zOspqtTl40cl_0mMimhn6YJw2RQ9-grxr8yNmGpbZ1MP1UZ9vxatBLO75e; domain=.paypal.com; path=/; Secure; HttpOnly
Set-Cookie: cookie_check=yes; expires=Thu, 22-Oct-2026 05:46:51 GMT; domain=.paypal.com; path=/; Secure; HttpOnly
Set-Cookie: navcmd=_notify-validate; domain=.paypal.com; path=/; Secure; HttpOnly
Set-Cookie: navlns=0.0; expires=Wed, 24-Oct-2018 05:46:51 GMT; domain=.paypal.com; path=/; Secure; HttpOnly
Set-Cookie: X-PP-SILOVER=name%3DLIVE3.WEB.1%26silo_version%3D880%26app%3Dappdispatcher%26TIME%3D1252003160%26HTTP_X_PP_AZ_LOCATOR%3Dslcb.slc; Expires=Mon, 24 Oct 2016 06:16:51 GMT; domain=.paypal.com; path=/; Secure; HttpOnly
Set-Cookie: X-PP-SILOVER=; Expires=Thu, 01 Jan 1970 00:00:01 GMT
Set-Cookie: AKDC=phx-origin-www-2.paypal.com; expires=Mon, 24-Oct-2016 06:16:51 GMT; path=/; secure
Strict-Transport-Security: max-age=63072000

VERIFIED
[2016-10-24 05:46 UTC] Verified IPN: cmd=_notify-validate&transaction_subject=&payment_date=22%3A46%3A40+Oct+23%2C+2016+PDT&txn_type=send_money&last_name=Magnan&residence_country=US&pending_reason=multi_currency&payment_gross=&mc_currency=EUR&business=dario.trbovic%40yahoo.com&payment_type=instant&protection_eligibility=Ineligible&verify_sign=Az9Xd1arTA5cZDl3CswiCti0qSA.A18QfoJlMyfhpzz7IRHofn8zJ5dy&payer_status=unverified&payer_email=Diagonalda.831%40hotmail.com&txn_id=9RT89319TR5079639&receiver_email=dario.trbovic%40yahoo.com&first_name=Genevieve&payer_id=FCV2S5CQTX2U4&receiver_id=VVT26N4P7WR52&payer_business_name=Belldom+Inc.&payment_status=Pending&mc_gross=150.00&charset=windows-1252&notify_version=3.8&ipn_track_id=599a8d0962918 
[2016-10-24 06:37 UTC] HTTP request of validation request:POST /cgi-bin/webscr HTTP/1.1
Host: www.paypal.com
Accept: */*
Connection: Close
Content-Length: 703
Content-Type: application/x-www-form-urlencoded

 for IPN payload: cmd=_notify-validate&transaction_subject=&txn_type=send_money&payment_date=22%3A46%3A40+Oct+23%2C+2016+PDT&last_name=Magnan&exchange_rate=1.05880&residence_country=US&payment_gross=&mc_currency=EUR&payment_type=instant&protection_eligibility=Ineligible&verify_sign=AWtbsfOh.AspQBD5MxJnEc1oMg1HANKDrfRqLvFHw5BIU0U-maJK-MSu&payer_status=unverified&payer_email=Diagonalda.831%40hotmail.com&txn_id=9RT89319TR5079639&receiver_email=dario.trbovic%40yahoo.com&first_name=Genevieve&payer_id=FCV2S5CQTX2U4&receiver_id=VVT26N4P7WR52&settle_amount=158.82&payer_business_name=Belldom+Inc.&settle_currency=USD&payment_status=Completed&mc_gross=150.00&charset=windows-1252&notify_version=3.8&ipn_track_id=63a9e651c0cd
[2016-10-24 06:37 UTC] HTTP response of validation request: HTTP/1.1 200 OK
Server: Apache
X-Frame-Options: SAMEORIGIN
HTTP_X_PP_AZ_LOCATOR: dcg12.slc
Paypal-Debug-Id: 6b2736e2596f1
Cache-Control: max-age=0, no-cache, no-store, must-revalidate
Pragma: no-cache
Content-Type: text/html; charset=UTF-8
DC: phx-origin-www-1.paypal.com
Date: Mon, 24 Oct 2016 06:37:13 GMT
Content-Length: 8
Connection: close
Set-Cookie: cwrClyrK4LoCV1fydGbAxiNL6iG=kHpEp5q0S_PnBqwEvbtsl6in21Z6UOyG4inopqcy60wV8gWoXxPR0I7hEaTMwTp6FMccTH_sKR9JlHj041-7q8Ue9sx4E8PhP96SzevRuuIpbPpVIg7zH6W7ij2pIYE3vP7mCxultHioe-FoXd-tgLlADv0bVyjOUhNzCYZ4WYCIfXD44E9DB9lvWJO4l0E4zbsvdIv0GY1t-iTg8DPzZN05rNnmeKMTACUgBk8QPMCLikXnh1XKR--UbOehUCPqL8HwcT7U03MG_Ihv_A00hM5OavuhnrpPQgLBU7diK1zURbSlfHXBiMKErvMG1juUNX1xXeTXYvOq6ZdILaGEk2Ayb5XG9534RfWjmK7t5W-on-Yf5cWPWhvMR_mo0Bg1UnNTzq8RV7c1C_FDvijE3x5u18sTlg4i37cwanbYufCbwByDd5hCl-snb8S; domain=.paypal.com; path=/; Secure; HttpOnly
Set-Cookie: cookie_check=yes; expires=Thu, 22-Oct-2026 06:37:12 GMT; domain=.paypal.com; path=/; Secure; HttpOnly
Set-Cookie: navcmd=_notify-validate; domain=.paypal.com; path=/; Secure; HttpOnly
Set-Cookie: navlns=0.0; expires=Wed, 24-Oct-2018 06:37:12 GMT; domain=.paypal.com; path=/; Secure; HttpOnly
Set-Cookie: X-PP-SILOVER=name%3DLIVE3.WEB.1%26silo_version%3D880%26app%3Dappdispatcher%26TIME%3D413928792%26HTTP_X_PP_AZ_LOCATOR%3Ddcg12.slc; Expires=Mon, 24 Oct 2016 07:07:12 GMT; domain=.paypal.com; path=/; Secure; HttpOnly
Set-Cookie: X-PP-SILOVER=; Expires=Thu, 01 Jan 1970 00:00:01 GMT
Set-Cookie: AKDC=phx-origin-www-1.paypal.com; expires=Mon, 24-Oct-2016 07:07:13 GMT; path=/; secure
Strict-Transport-Security: max-age=63072000

VERIFIED
[2016-10-24 06:37 UTC] Verified IPN: cmd=_notify-validate&transaction_subject=&txn_type=send_money&payment_date=22%3A46%3A40+Oct+23%2C+2016+PDT&last_name=Magnan&exchange_rate=1.05880&residence_country=US&payment_gross=&mc_currency=EUR&payment_type=instant&protection_eligibility=Ineligible&verify_sign=AWtbsfOh.AspQBD5MxJnEc1oMg1HANKDrfRqLvFHw5BIU0U-maJK-MSu&payer_status=unverified&payer_email=Diagonalda.831%40hotmail.com&txn_id=9RT89319TR5079639&receiver_email=dario.trbovic%40yahoo.com&first_name=Genevieve&payer_id=FCV2S5CQTX2U4&receiver_id=VVT26N4P7WR52&settle_amount=158.82&payer_business_name=Belldom+Inc.&settle_currency=USD&payment_status=Completed&mc_gross=150.00&charset=windows-1252&notify_version=3.8&ipn_track_id=63a9e651c0cd 
[2016-11-30 17:59 UTC] HTTP request of validation request:POST /cgi-bin/webscr HTTP/1.1
Host: www.paypal.com
Accept: */*
Connection: Close
Content-Length: 691
Content-Type: application/x-www-form-urlencoded

 for IPN payload: cmd=_notify-validate&transaction_subject=&txn_type=send_money&payment_date=09%3A58%3A39+Nov+30%2C+2016+PST&last_name=Kleinsorge&residence_country=US&payment_gross=250.00&mc_currency=USD&business=dario.trbovic%40yahoo.com&payment_type=instant&protection_eligibility=Ineligible&verify_sign=AK8EeSm9R7KWQ7bjbr3kYMa5F.fcAHYC5X5BLdZWljsu00PjWMkF0uhJ&payer_status=verified&payer_email=eric%40wedanet.com&txn_id=77F673115R688842E&receiver_email=dario.trbovic%40yahoo.com&first_name=Eric&payer_id=2JZKYSB6DLRBS&receiver_id=VVT26N4P7WR52&memo=Api+Syncing%2C+Site+Move&payer_business_name=WEDA&payment_status=Completed&mc_gross=250.00&charset=windows-1252&notify_version=3.8&ipn_track_id=745d6b63b0050
[2016-11-30 17:59 UTC] HTTP response of validation request: HTTP/1.1 200 OK
Server: Apache
X-Frame-Options: SAMEORIGIN
Cache-Control: max-age=0, no-cache, no-store, must-revalidate
Pragma: no-cache
HTTP_X_PP_AZ_LOCATOR: slcb.slc
Paypal-Debug-Id: 8e80cc8e8ba4f
Cache-Control: max-age=0, no-cache, no-store, must-revalidate
Pragma: no-cache
Content-Type: text/html; charset=UTF-8
DC: slc-b-origin-www-1.paypal.com
Date: Wed, 30 Nov 2016 17:59:34 GMT
Content-Length: 8
Connection: close
Set-Cookie: cwrClyrK4LoCV1fydGbAxiNL6iG=ly9x48SQtD6jmo4VK-ENkbQZV9h-rbUlBRlE3w8rje8Tlhxsd7W7GN8xRi2PhNaJR43tC0qF7SqBfsY1AgWUbHYxZA77Z62LhNPpRJSyXDiJmcpc85bt9nGWSjn6GP1_f2_CCuKfXtohk8smUJSUd98W5Za3eAhcuAFLyLqaq4vDqYYIqHK0aAqLFRh59otyn8lsIyNdkysaDnYo4WjEV2_0zm2_wgdlVNKQJ_-vj6RA6_VXv__h4VZNhjL7ewLliJdPOygUgiyz8rCu-KycNDBG_cGC1xka5DlPmsB9wk3OPNJtfofPzpcLZLcLbRA_1hD0BMxb5o29ML2e69e9PHu5lzHRavrC0xAXYeNBU8zYYMMq2D7S3zf2ic4Q24NB7jVwTEWUBx3qfF56jlGQ5z1Xp8ab-3ugSdyJH5_2WTFdsEQnSOsL4AFb2MC; domain=.paypal.com; path=/; Secure; HttpOnly
Set-Cookie: cookie_check=yes; expires=Sat, 28-Nov-2026 17:59:33 GMT; domain=.paypal.com; path=/; Secure; HttpOnly
Set-Cookie: navcmd=_notify-validate; domain=.paypal.com; path=/; Secure; HttpOnly
Set-Cookie: navlns=0.0; expires=Fri, 30-Nov-2018 17:59:33 GMT; domain=.paypal.com; path=/; Secure; HttpOnly
Set-Cookie: X-PP-SILOVER=name%3DLIVE6.WEB.1%26silo_version%3D880%26app%3Dappdispatcher%26TIME%3D2232631128%26HTTP_X_PP_AZ_LOCATOR%3Dslcb.slc; Expires=Wed, 30 Nov 2016 18:29:34 GMT; domain=.paypal.com; path=/; Secure; HttpOnly
Set-Cookie: X-PP-SILOVER=; Expires=Thu, 01 Jan 1970 00:00:01 GMT
Set-Cookie: AKDC=slc-b-origin-www-1.paypal.com; expires=Wed, 30-Nov-2016 18:29:34 GMT; path=/; secure
Set-Cookie: akavpau_ppsd=1480529374~id=5b1f16866c14fccaecd046cde53f1fd7; path=/
Strict-Transport-Security: max-age=63072000

VERIFIED
[2016-11-30 17:59 UTC] Verified IPN: cmd=_notify-validate&transaction_subject=&txn_type=send_money&payment_date=09%3A58%3A39+Nov+30%2C+2016+PST&last_name=Kleinsorge&residence_country=US&payment_gross=250.00&mc_currency=USD&business=dario.trbovic%40yahoo.com&payment_type=instant&protection_eligibility=Ineligible&verify_sign=AK8EeSm9R7KWQ7bjbr3kYMa5F.fcAHYC5X5BLdZWljsu00PjWMkF0uhJ&payer_status=verified&payer_email=eric%40wedanet.com&txn_id=77F673115R688842E&receiver_email=dario.trbovic%40yahoo.com&first_name=Eric&payer_id=2JZKYSB6DLRBS&receiver_id=VVT26N4P7WR52&memo=Api+Syncing%2C+Site+Move&payer_business_name=WEDA&payment_status=Completed&mc_gross=250.00&charset=windows-1252&notify_version=3.8&ipn_track_id=745d6b63b0050 
